<?xml version="1.0" encoding="UTF-8"?>
<!-- Generated by org.testng.reporters.JUnitXMLReporter -->
<testsuite ignored="19" hostname="DESKTOP-O8BM1FH" failures="1" tests="1" name="Walmart automation" time="39.315" errors="0" timestamp="2020-11-23T18:06:24 CST">
  <testcase classname="common.WebAPI" name="@AfterMethod afterEachTestMethod" time="12.663">
    <failure type="org.openqa.selenium.WebDriverException" message="chrome not reachable
  (Session info: chrome=86.0.4240.198)
Build info: version: &amp;apos;3.141.59&amp;apos;, revision: &amp;apos;e82be7d358&amp;apos;, time: &amp;apos;2018-11-14T08:17:03&amp;apos;
System info: host: &amp;apos;DESKTOP-O8BM1FH&amp;apos;, ip: &amp;apos;192.168.220.1&amp;apos;, os.name: &amp;apos;Windows 10&amp;apos;, os.arch: &amp;apos;amd64&amp;apos;, os.version: &amp;apos;10.0&amp;apos;, java.version: &amp;apos;11.0.9&amp;apos;
Driver info: org.openqa.selenium.chrome.ChromeDriver
Capabilities {acceptInsecureCerts: false, browserName: chrome, browserVersion: 86.0.4240.198, chrome: {chromedriverVersion: 86.0.4240.22 (398b0743353ff..., userDataDir: C:\Users\Admin\AppData\Loca...}, goog:chromeOptions: {debuggerAddress: localhost:57025}, javascriptEnabled: true, networkConnectionEnabled: false, pageLoadStrategy: normal, platform: WINDOWS, platformName: WINDOWS, proxy: Proxy(), setWindowRect: true, strictFileInteractability: false, timeouts: {implicit: 0, pageLoad: 300000, script: 30000}, unhandledPromptBehavior: dismiss and notify, webauthn:virtualAuthenticators: true}
Session ID: 7a20d57af9e04412e0735d9d1143909e">
      <![CDATA[org.openqa.selenium.WebDriverException: chrome not reachable
  (Session info: chrome=86.0.4240.198)
Build info: version: '3.141.59', revision: 'e82be7d358', time: '2018-11-14T08:17:03'
System info: host: 'DESKTOP-O8BM1FH', ip: '192.168.220.1', os.name: 'Windows 10', os.arch: 'amd64', os.version: '10.0', java.version: '11.0.9'
Driver info: org.openqa.selenium.chrome.ChromeDriver
Capabilities {acceptInsecureCerts: false, browserName: chrome, browserVersion: 86.0.4240.198, chrome: {chromedriverVersion: 86.0.4240.22 (398b0743353ff..., userDataDir: C:\Users\Admin\AppData\Loca...}, goog:chromeOptions: {debuggerAddress: localhost:57025}, javascriptEnabled: true, networkConnectionEnabled: false, pageLoadStrategy: normal, platform: WINDOWS, platformName: WINDOWS, proxy: Proxy(), setWindowRect: true, strictFileInteractability: false, timeouts: {implicit: 0, pageLoad: 300000, script: 30000}, unhandledPromptBehavior: dismiss and notify, webauthn:virtualAuthenticators: true}
Session ID: 7a20d57af9e04412e0735d9d1143909e
at org.openqa.selenium.remote.http.W3CHttpResponseCodec.createException(W3CHttpResponseCodec.java:187)
at org.openqa.selenium.remote.http.W3CHttpResponseCodec.decode(W3CHttpResponseCodec.java:122)
at org.openqa.selenium.remote.http.W3CHttpResponseCodec.decode(W3CHttpResponseCodec.java:49)
at org.openqa.selenium.remote.HttpCommandExecutor.execute(HttpCommandExecutor.java:158)
at org.openqa.selenium.remote.service.DriverCommandExecutor.execute(DriverCommandExecutor.java:83)
at org.openqa.selenium.remote.RemoteWebDriver.execute(RemoteWebDriver.java:552)
at org.openqa.selenium.remote.RemoteWebDriver.execute(RemoteWebDriver.java:609)
at org.openqa.selenium.remote.RemoteWebDriver.getScreenshotAs(RemoteWebDriver.java:295)
at common.WebAPI.captureScreenshot(WebAPI.java:102)
at common.WebAPI.afterEachTestMethod(WebAPI.java:81)
at java.base/java.util.ArrayList.forEach(ArrayList.java:1541)
... Removed 40 stack frames]]>
    </failure>
  </testcase> <!-- @AfterMethod afterEachTestMethod -->
  <testcase classname="testHome.HomePageTest" name="testCreateAccount" time="16.411">
    <failure type="org.openqa.selenium.WebDriverException" message="chrome not reachable
  (Session info: chrome=86.0.4240.198)
Build info: version: &amp;apos;3.141.59&amp;apos;, revision: &amp;apos;e82be7d358&amp;apos;, time: &amp;apos;2018-11-14T08:17:03&amp;apos;
System info: host: &amp;apos;DESKTOP-O8BM1FH&amp;apos;, ip: &amp;apos;192.168.220.1&amp;apos;, os.name: &amp;apos;Windows 10&amp;apos;, os.arch: &amp;apos;amd64&amp;apos;, os.version: &amp;apos;10.0&amp;apos;, java.version: &amp;apos;11.0.9&amp;apos;
Driver info: org.openqa.selenium.chrome.ChromeDriver
Capabilities {acceptInsecureCerts: false, browserName: chrome, browserVersion: 86.0.4240.198, chrome: {chromedriverVersion: 86.0.4240.22 (398b0743353ff..., userDataDir: C:\Users\Admin\AppData\Loca...}, goog:chromeOptions: {debuggerAddress: localhost:57025}, javascriptEnabled: true, networkConnectionEnabled: false, pageLoadStrategy: normal, platform: WINDOWS, platformName: WINDOWS, proxy: Proxy(), setWindowRect: true, strictFileInteractability: false, timeouts: {implicit: 0, pageLoad: 300000, script: 30000}, unhandledPromptBehavior: dismiss and notify, webauthn:virtualAuthenticators: true}
Session ID: 7a20d57af9e04412e0735d9d1143909e
*** Element info: {Using=css selector, value=#vh-account-menu-root &amp;gt; div.o_a.o_o &amp;gt; div &amp;gt; a:nth-child(1) &amp;gt; div &amp;gt; span &amp;gt; div}">
      <![CDATA[org.openqa.selenium.WebDriverException: chrome not reachable
  (Session info: chrome=86.0.4240.198)
Build info: version: '3.141.59', revision: 'e82be7d358', time: '2018-11-14T08:17:03'
System info: host: 'DESKTOP-O8BM1FH', ip: '192.168.220.1', os.name: 'Windows 10', os.arch: 'amd64', os.version: '10.0', java.version: '11.0.9'
Driver info: org.openqa.selenium.chrome.ChromeDriver
Capabilities {acceptInsecureCerts: false, browserName: chrome, browserVersion: 86.0.4240.198, chrome: {chromedriverVersion: 86.0.4240.22 (398b0743353ff..., userDataDir: C:\Users\Admin\AppData\Loca...}, goog:chromeOptions: {debuggerAddress: localhost:57025}, javascriptEnabled: true, networkConnectionEnabled: false, pageLoadStrategy: normal, platform: WINDOWS, platformName: WINDOWS, proxy: Proxy(), setWindowRect: true, strictFileInteractability: false, timeouts: {implicit: 0, pageLoad: 300000, script: 30000}, unhandledPromptBehavior: dismiss and notify, webauthn:virtualAuthenticators: true}
Session ID: 7a20d57af9e04412e0735d9d1143909e
*** Element info: {Using=css selector, value=#vh-account-menu-root > div.o_a.o_o > div > a:nth-child(1) > div > span > div}
at org.openqa.selenium.remote.http.W3CHttpResponseCodec.createException(W3CHttpResponseCodec.java:187)
at org.openqa.selenium.remote.http.W3CHttpResponseCodec.decode(W3CHttpResponseCodec.java:122)
at org.openqa.selenium.remote.http.W3CHttpResponseCodec.decode(W3CHttpResponseCodec.java:49)
at org.openqa.selenium.remote.HttpCommandExecutor.execute(HttpCommandExecutor.java:158)
at org.openqa.selenium.remote.service.DriverCommandExecutor.execute(DriverCommandExecutor.java:83)
at org.openqa.selenium.remote.RemoteWebDriver.execute(RemoteWebDriver.java:552)
at org.openqa.selenium.remote.RemoteWebDriver.findElement(RemoteWebDriver.java:323)
at org.openqa.selenium.remote.RemoteWebDriver.findElementByCssSelector(RemoteWebDriver.java:420)
at org.openqa.selenium.By$ByCssSelector.findElement(By.java:431)
at org.openqa.selenium.remote.RemoteWebDriver.findElement(RemoteWebDriver.java:315)
at org.openqa.selenium.support.pagefactory.DefaultElementLocator.findElement(DefaultElementLocator.java:69)
at org.openqa.selenium.support.pagefactory.internal.LocatingElementHandler.invoke(LocatingElementHandler.java:38)
at com.sun.proxy.$Proxy14.click(Unknown Source)
at walmartHome.HomePage.createAccountWithValidCredential(HomePage.java:143)
at testHome.HomePageTest.testCreateAccount(HomePageTest.java:22)
at java.base/java.util.ArrayList.forEach(ArrayList.java:1541)
... Removed 35 stack frames]]>
    </failure>
  </testcase> <!-- testCreateAccount -->
  <testcase classname="testHome.HomePageTest" name="testFindLocalStore" time="0.0">
    <ignored/>
  </testcase> <!-- testFindLocalStore -->
  <testcase classname="testHome.HomePageTest" name="testBay" time="0.0">
    <ignored/>
  </testcase> <!-- testBay -->
  <testcase classname="testHome.HomePageTest" name="testSingIn" time="0.0">
    <ignored/>
  </testcase> <!-- testSingIn -->
  <testcase classname="testHome.HomePageTest" name="testSearchXobConsoles" time="0.0">
    <ignored/>
  </testcase> <!-- testSearchXobConsoles -->
  <testcase classname="testHome.HomePageTest" name="testOptical" time="0.0">
    <ignored/>
  </testcase> <!-- testOptical -->
  <testcase classname="testHome.HomePageTest" name="testShopBySelectPrice" time="0.0">
    <ignored/>
  </testcase> <!-- testShopBySelectPrice -->
  <testcase classname="testHome.HomePageTest" name="testInformationTechnology" time="0.0">
    <ignored/>
  </testcase> <!-- testInformationTechnology -->
  <testcase classname="testHome.HomePageTest" name="testForgetPassword" time="0.0">
    <ignored/>
  </testcase> <!-- testForgetPassword -->
  <testcase classname="testHome.HomePageTest" name="testReturnItem" time="0.0">
    <ignored/>
  </testcase> <!-- testReturnItem -->
  <testcase classname="testHome.HomePageTest" name="testBeauty" time="0.0">
    <ignored/>
  </testcase> <!-- testBeauty -->
  <testcase classname="testHome.HomePageTest" name="testSearchBox" time="0.0">
    <ignored/>
  </testcase> <!-- testSearchBox -->
  <testcase classname="testHome.HomePageTest" name="testPrintPhoto" time="0.0">
    <ignored/>
  </testcase> <!-- testPrintPhoto -->
  <testcase classname="testHome.HomePageTest" name="testAccounting" time="0.0">
    <ignored/>
  </testcase> <!-- testAccounting -->
  <testcase classname="testHome.HomePageTest" name="testSearchCo_Manager" time="0.0">
    <ignored/>
  </testcase> <!-- testSearchCo_Manager -->
  <testcase classname="testHome.HomePageTest" name="testHomeImprovement" time="0.0">
    <ignored/>
  </testcase> <!-- testHomeImprovement -->
  <testcase classname="testHome.HomePageTest" name="testGifts" time="0.0">
    <ignored/>
  </testcase> <!-- testGifts -->
  <testcase classname="testHome.HomePageTest" name="testSoftwareDevelopmentAndEngineering" time="0.0">
    <ignored/>
  </testcase> <!-- testSoftwareDevelopmentAndEngineering -->
  <testcase classname="testHome.HomePageTest" name="testSoftwareDevelopmentAndEngineering1" time="0.0">
    <ignored/>
  </testcase> <!-- testSoftwareDevelopmentAndEngineering1 -->
  <testcase classname="testHome.HomePageTest" name="testBlackFridayDeals" time="0.0">
    <ignored/>
  </testcase> <!-- testBlackFridayDeals -->
</testsuite> <!-- Walmart automation -->
