<!DOCTYPE html>

<html>
  <head>
  <meta charset='utf-8'>
  <title>TestNG reports</title>

    <link type="text/css" href="testng-reports.css" rel="stylesheet" />
    <script type="text/javascript" src="jquery-3.4.1.min.js"></script>
    <script type="text/javascript" src="testng-reports.js"></script>
    <script type="text/javascript" src="https://www.google.com/jsapi"></script>
    <script type='text/javascript'>
      google.load('visualization', '1', {packages:['table']});
      google.setOnLoadCallback(drawTable);
      var suiteTableInitFunctions = new Array();
      var suiteTableData = new Array();
    </script>
    <!--
      <script type="text/javascript" src="jquery-ui/js/jquery-ui-1.8.16.custom.min.js"></script>
     -->
  </head>

  <body>
    <div class="top-banner-root">
      <span class="top-banner-title-font">Test results</span>
      <br/>
      <span class="top-banner-font-1">1 suite, 9 failed tests</span>
    </div> <!-- top-banner-root -->
    <div class="navigator-root">
      <div class="navigator-suite-header">
        <span>All suites</span>
        <a href="#" title="Collapse/expand all the suites" class="collapse-all-link">
          <img src="collapseall.gif" class="collapse-all-icon">
          </img> <!-- collapse-all-icon -->
        </a> <!-- collapse-all-link -->
      </div> <!-- navigator-suite-header -->
      <div class="suite">
        <div class="rounded-window">
          <div class="suite-header light-rounded-window-top">
            <a href="#" panel-name="suite-TestSuit" class="navigator-link">
              <span class="suite-name border-failed">TestSuit</span>
            </a> <!-- navigator-link -->
          </div> <!-- suite-header light-rounded-window-top -->
          <div class="navigator-suite-content">
            <div class="suite-section-title">
              <span>Info</span>
            </div> <!-- suite-section-title -->
            <div class="suite-section-content">
              <ul>
                <li>
                  <a href="#" panel-name="test-xml-TestSuit" class="navigator-link ">
                    <span>C:\Users\aldri\IdeaProjects\WebAutomation_Team2\Walmart\target\test-classes\WalmartTestRunner.xml</span>
                  </a> <!-- navigator-link  -->
                </li>
                <li>
                  <a href="#" panel-name="testlist-TestSuit" class="navigator-link ">
                    <span class="test-stats">1 test</span>
                  </a> <!-- navigator-link  -->
                </li>
                <li>
                  <a href="#" panel-name="group-TestSuit" class="navigator-link ">
                    <span>0 groups</span>
                  </a> <!-- navigator-link  -->
                </li>
                <li>
                  <a href="#" panel-name="times-TestSuit" class="navigator-link ">
                    <span>Times</span>
                  </a> <!-- navigator-link  -->
                </li>
                <li>
                  <a href="#" panel-name="reporter-TestSuit" class="navigator-link ">
                    <span>Reporter output</span>
                  </a> <!-- navigator-link  -->
                </li>
                <li>
                  <a href="#" panel-name="ignored-methods-TestSuit" class="navigator-link ">
                    <span>Ignored methods</span>
                  </a> <!-- navigator-link  -->
                </li>
                <li>
                  <a href="#" panel-name="chronological-TestSuit" class="navigator-link ">
                    <span>Chronological view</span>
                  </a> <!-- navigator-link  -->
                </li>
              </ul>
            </div> <!-- suite-section-content -->
            <div class="result-section">
              <div class="suite-section-title">
                <span>Results</span>
              </div> <!-- suite-section-title -->
              <div class="suite-section-content">
                <ul>
                  <li>
                    <span class="method-stats">25 methods, 9 failed,   16 passed</span>
                  </li>
                  <li>
                    <span class="method-list-title failed">Failed methods</span>
                    <span class="show-or-hide-methods failed">
                      <a href="#" panel-name="suite-TestSuit" class="hide-methods failed suite-TestSuit"> (hide)</a> <!-- hide-methods failed suite-TestSuit -->
                      <a href="#" panel-name="suite-TestSuit" class="show-methods failed suite-TestSuit"> (show)</a> <!-- show-methods failed suite-TestSuit -->
                    </span>
                    <div class="method-list-content failed suite-TestSuit">
                      <span>
                        <img src="failed.png" width="3%"/>
                        <a href="#" panel-name="suite-TestSuit" title="testLocalStorePage.localStorePageTest" class="method navigator-link" hash-for-method="callTheStoreTest">callTheStoreTest</a> <!-- method navigator-link -->
                      </span>
                      <br/>
                      <span>
                        <img src="failed.png" width="3%"/>
                        <a href="#" panel-name="suite-TestSuit" title="testLocalStorePage.localStorePageTest" class="method navigator-link" hash-for-method="careersPageTest">careersPageTest</a> <!-- method navigator-link -->
                      </span>
                      <br/>
                      <span>
                        <img src="failed.png" width="3%"/>
                        <a href="#" panel-name="suite-TestSuit" title="testLocalStorePage.localStorePageTest" class="method navigator-link" hash-for-method="clickAppStoreTest">clickAppStoreTest</a> <!-- method navigator-link -->
                      </span>
                      <br/>
                      <span>
                        <img src="failed.png" width="3%"/>
                        <a href="#" panel-name="suite-TestSuit" title="testLocalStorePage.localStorePageTest" class="method navigator-link" hash-for-method="clickPlayStoreTest">clickPlayStoreTest</a> <!-- method navigator-link -->
                      </span>
                      <br/>
                      <span>
                        <img src="failed.png" width="3%"/>
                        <a href="#" panel-name="suite-TestSuit" title="testLocalStorePage.localStorePageTest" class="method navigator-link" hash-for-method="emailSignupTest">emailSignupTest</a> <!-- method navigator-link -->
                      </span>
                      <br/>
                      <span>
                        <img src="failed.png" width="3%"/>
                        <a href="#" panel-name="suite-TestSuit" title="testLocalStorePage.localStorePageTest" class="method navigator-link" hash-for-method="feedbackReviewTest">feedbackReviewTest</a> <!-- method navigator-link -->
                      </span>
                      <br/>
                      <span>
                        <img src="failed.png" width="3%"/>
                        <a href="#" panel-name="suite-TestSuit" title="testLocalStorePage.localStorePageTest" class="method navigator-link" hash-for-method="openHoursTest">openHoursTest</a> <!-- method navigator-link -->
                      </span>
                      <br/>
                      <span>
                        <img src="failed.png" width="3%"/>
                        <a href="#" panel-name="suite-TestSuit" title="testLocalStorePage.localStorePageTest" class="method navigator-link" hash-for-method="pharmacyDropDownTest">pharmacyDropDownTest</a> <!-- method navigator-link -->
                      </span>
                      <br/>
                      <span>
                        <img src="failed.png" width="3%"/>
                        <a href="#" panel-name="suite-TestSuit" title="testLocalStorePage.localStorePageTest" class="method navigator-link" hash-for-method="trackOrderTest">trackOrderTest</a> <!-- method navigator-link -->
                      </span>
                      <br/>
                    </div> <!-- method-list-content failed suite-TestSuit -->
                  </li>
                  <li>
                    <span class="method-list-title passed">Passed methods</span>
                    <span class="show-or-hide-methods passed">
                      <a href="#" panel-name="suite-TestSuit" class="hide-methods passed suite-TestSuit"> (hide)</a> <!-- hide-methods passed suite-TestSuit -->
                      <a href="#" panel-name="suite-TestSuit" class="show-methods passed suite-TestSuit"> (show)</a> <!-- show-methods passed suite-TestSuit -->
                    </span>
                    <div class="method-list-content passed suite-TestSuit">
                      <span>
                        <img src="passed.png" width="3%"/>
                        <a href="#" panel-name="suite-TestSuit" title="testLocalStorePage.localStorePageTest" class="method navigator-link" hash-for-method="accountSignInTest">accountSignInTest</a> <!-- method navigator-link -->
                      </span>
                      <br/>
                      <span>
                        <img src="passed.png" width="3%"/>
                        <a href="#" panel-name="suite-TestSuit" title="testLocalStorePage.localStorePageTest" class="method navigator-link" hash-for-method="assertCopyRightTextTest">assertCopyRightTextTest</a> <!-- method navigator-link -->
                      </span>
                      <br/>
                      <span>
                        <img src="passed.png" width="3%"/>
                        <a href="#" panel-name="suite-TestSuit" title="testLocalStorePage.localStorePageTest" class="method navigator-link" hash-for-method="featureCoronaPageTest">featureCoronaPageTest</a> <!-- method navigator-link -->
                      </span>
                      <br/>
                      <span>
                        <img src="passed.png" width="3%"/>
                        <a href="#" panel-name="suite-TestSuit" title="testLocalStorePage.localStorePageTest" class="method navigator-link" hash-for-method="featureCoronaTest">featureCoronaTest</a> <!-- method navigator-link -->
                      </span>
                      <br/>
                      <span>
                        <img src="passed.png" width="3%"/>
                        <a href="#" panel-name="suite-TestSuit" title="testLocalStorePage.localStorePageTest" class="method navigator-link" hash-for-method="findAnotherStoreTest">findAnotherStoreTest</a> <!-- method navigator-link -->
                      </span>
                      <br/>
                      <span>
                        <img src="passed.png" width="3%"/>
                        <a href="#" panel-name="suite-TestSuit" title="testLocalStorePage.localStorePageTest" class="method navigator-link" hash-for-method="footerDigitalMuseumCheckTest">footerDigitalMuseumCheckTest</a> <!-- method navigator-link -->
                      </span>
                      <br/>
                      <span>
                        <img src="passed.png" width="3%"/>
                        <a href="#" panel-name="suite-TestSuit" title="testLocalStorePage.localStorePageTest" class="method navigator-link" hash-for-method="footerWeeklyAdsCheckTest">footerWeeklyAdsCheckTest</a> <!-- method navigator-link -->
                      </span>
                      <br/>
                      <span>
                        <img src="passed.png" width="3%"/>
                        <a href="#" panel-name="suite-TestSuit" title="testLocalStorePage.localStorePageTest" class="method navigator-link" hash-for-method="getDirectionTest">getDirectionTest</a> <!-- method navigator-link -->
                      </span>
                      <br/>
                      <span>
                        <img src="passed.png" width="3%"/>
                        <a href="#" panel-name="suite-TestSuit" title="testLocalStorePage.localStorePageTest" class="method navigator-link" hash-for-method="learnAboutWalmartPlusTest">learnAboutWalmartPlusTest</a> <!-- method navigator-link -->
                      </span>
                      <br/>
                      <span>
                        <img src="passed.png" width="3%"/>
                        <a href="#" panel-name="suite-TestSuit" title="testLocalStorePage.localStorePageTest" class="method navigator-link" hash-for-method="makeThisMyStoreTest">makeThisMyStoreTest</a> <!-- method navigator-link -->
                      </span>
                      <br/>
                      <span>
                        <img src="passed.png" width="3%"/>
                        <a href="#" panel-name="suite-TestSuit" title="testLocalStorePage.localStorePageTest" class="method navigator-link" hash-for-method="navigateToLocalStoreTest">navigateToLocalStoreTest</a> <!-- method navigator-link -->
                      </span>
                      <br/>
                      <span>
                        <img src="passed.png" width="3%"/>
                        <a href="#" panel-name="suite-TestSuit" title="testLocalStorePage.localStorePageTest" class="method navigator-link" hash-for-method="newsAndEventsTest">newsAndEventsTest</a> <!-- method navigator-link -->
                      </span>
                      <br/>
                      <span>
                        <img src="passed.png" width="3%"/>
                        <a href="#" panel-name="suite-TestSuit" title="testLocalStorePage.localStorePageTest" class="method navigator-link" hash-for-method="productRecallTest">productRecallTest</a> <!-- method navigator-link -->
                      </span>
                      <br/>
                      <span>
                        <img src="passed.png" width="3%"/>
                        <a href="#" panel-name="suite-TestSuit" title="testLocalStorePage.localStorePageTest" class="method navigator-link" hash-for-method="searchStoreTest">searchStoreTest</a> <!-- method navigator-link -->
                      </span>
                      <br/>
                      <span>
                        <img src="passed.png" width="3%"/>
                        <a href="#" panel-name="suite-TestSuit" title="testLocalStorePage.localStorePageTest" class="method navigator-link" hash-for-method="submitComplaintTest">submitComplaintTest</a> <!-- method navigator-link -->
                      </span>
                      <br/>
                      <span>
                        <img src="passed.png" width="3%"/>
                        <a href="#" panel-name="suite-TestSuit" title="testLocalStorePage.localStorePageTest" class="method navigator-link" hash-for-method="wPlusPageTest">wPlusPageTest</a> <!-- method navigator-link -->
                      </span>
                      <br/>
                    </div> <!-- method-list-content passed suite-TestSuit -->
                  </li>
                </ul>
              </div> <!-- suite-section-content -->
            </div> <!-- result-section -->
          </div> <!-- navigator-suite-content -->
        </div> <!-- rounded-window -->
      </div> <!-- suite -->
    </div> <!-- navigator-root -->
    <div class="wrapper">
      <div class="main-panel-root">
        <div panel-name="suite-TestSuit" class="panel TestSuit">
          <div class="suite-TestSuit-class-failed">
            <div class="main-panel-header rounded-window-top">
              <img src="failed.png"/>
              <span class="class-name">testLocalStorePage.localStorePageTest</span>
            </div> <!-- main-panel-header rounded-window-top -->
            <div class="main-panel-content rounded-window-bottom">
              <div class="method">
                <div class="method-content">
                  <a name="callTheStoreTest">
                  </a> <!-- callTheStoreTest -->
                  <span class="method-name">callTheStoreTest</span>
                  <div class="stack-trace">org.openqa.selenium.NoAlertPresentException: no such alert
  (Session info: chrome=86.0.4240.198)
Build info: version: &apos;3.141.59&apos;, revision: &apos;e82be7d358&apos;, time: &apos;2018-11-14T08:17:03&apos;
System info: host: &apos;DESKTOP-TSTLMB5&apos;, ip: &apos;192.168.56.1&apos;, os.name: &apos;Windows 10&apos;, os.arch: &apos;amd64&apos;, os.version: &apos;10.0&apos;, java.version: &apos;11.0.9&apos;
Driver info: org.openqa.selenium.chrome.ChromeDriver
Capabilities {acceptInsecureCerts: false, browserName: chrome, browserVersion: 86.0.4240.198, chrome: {chromedriverVersion: 86.0.4240.22 (398b0743353ff..., userDataDir: C:\Users\aldri\AppData\Loca...}, goog:chromeOptions: {debuggerAddress: localhost:62439}, javascriptEnabled: true, networkConnectionEnabled: false, pageLoadStrategy: normal, platform: WINDOWS, platformName: WINDOWS, proxy: Proxy(), setWindowRect: true, strictFileInteractability: false, timeouts: {implicit: 0, pageLoad: 300000, script: 30000}, unhandledPromptBehavior: dismiss and notify, webauthn:virtualAuthenticators: true}
Session ID: ed43c8df4dcbb6d2d1a37efaf308904a
	at org.openqa.selenium.remote.http.W3CHttpResponseCodec.createException(W3CHttpResponseCodec.java:187)
	at org.openqa.selenium.remote.http.W3CHttpResponseCodec.decode(W3CHttpResponseCodec.java:122)
	at org.openqa.selenium.remote.http.W3CHttpResponseCodec.decode(W3CHttpResponseCodec.java:49)
	at org.openqa.selenium.remote.HttpCommandExecutor.execute(HttpCommandExecutor.java:158)
	at org.openqa.selenium.remote.service.DriverCommandExecutor.execute(DriverCommandExecutor.java:83)
	at org.openqa.selenium.remote.RemoteWebDriver.execute(RemoteWebDriver.java:552)
	at org.openqa.selenium.remote.RemoteWebDriver.execute(RemoteWebDriver.java:609)
	at org.openqa.selenium.remote.RemoteWebDriver$RemoteTargetLocator.alert(RemoteWebDriver.java:932)
	at localStore.LocalStorePage.callTheStore(LocalStorePage.java:175)
	at testLocalStorePage.localStorePageTest.callTheStoreTest(localStorePageTest.java:46)
	at java.base/java.util.ArrayList.forEach(ArrayList.java:1541)
... Removed 35 stack frames
</div> <!-- stack-trace -->
                </div> <!-- method-content -->
              </div> <!-- method -->
              <div class="method">
                <div class="method-content">
                  <a name="careersPageTest">
                  </a> <!-- careersPageTest -->
                  <span class="method-name">careersPageTest</span>
                  <div class="stack-trace">java.lang.AssertionError: Test Failed. expected [Member Frontline Cashier] but found [Cashier &amp; Front End Services]
	at localStore.LocalStorePage.assertCareerSearch(LocalStorePage.java:475)
	at testLocalStorePage.localStorePageTest.careersPageTest(localStorePageTest.java:172)
	at java.base/java.util.ArrayList.forEach(ArrayList.java:1541)
... Removed 35 stack frames
</div> <!-- stack-trace -->
                </div> <!-- method-content -->
              </div> <!-- method -->
              <div class="method">
                <div class="method-content">
                  <a name="clickAppStoreTest">
                  </a> <!-- clickAppStoreTest -->
                  <span class="method-name">clickAppStoreTest</span>
                  <div class="stack-trace">org.openqa.selenium.ElementNotInteractableException: element not interactable
  (Session info: chrome=86.0.4240.198)
Build info: version: &apos;3.141.59&apos;, revision: &apos;e82be7d358&apos;, time: &apos;2018-11-14T08:17:03&apos;
System info: host: &apos;DESKTOP-TSTLMB5&apos;, ip: &apos;192.168.56.1&apos;, os.name: &apos;Windows 10&apos;, os.arch: &apos;amd64&apos;, os.version: &apos;10.0&apos;, java.version: &apos;11.0.9&apos;
Driver info: org.openqa.selenium.chrome.ChromeDriver
Capabilities {acceptInsecureCerts: false, browserName: chrome, browserVersion: 86.0.4240.198, chrome: {chromedriverVersion: 86.0.4240.22 (398b0743353ff..., userDataDir: C:\Users\aldri\AppData\Loca...}, goog:chromeOptions: {debuggerAddress: localhost:62628}, javascriptEnabled: true, networkConnectionEnabled: false, pageLoadStrategy: normal, platform: WINDOWS, platformName: WINDOWS, proxy: Proxy(), setWindowRect: true, strictFileInteractability: false, timeouts: {implicit: 0, pageLoad: 300000, script: 30000}, unhandledPromptBehavior: dismiss and notify, webauthn:virtualAuthenticators: true}
Session ID: ee7a357d478194e84f6fb7225766810f
	at org.openqa.selenium.remote.http.W3CHttpResponseCodec.createException(W3CHttpResponseCodec.java:187)
	at org.openqa.selenium.remote.http.W3CHttpResponseCodec.decode(W3CHttpResponseCodec.java:122)
	at org.openqa.selenium.remote.http.W3CHttpResponseCodec.decode(W3CHttpResponseCodec.java:49)
	at org.openqa.selenium.remote.HttpCommandExecutor.execute(HttpCommandExecutor.java:158)
	at org.openqa.selenium.remote.service.DriverCommandExecutor.execute(DriverCommandExecutor.java:83)
	at org.openqa.selenium.remote.RemoteWebDriver.execute(RemoteWebDriver.java:552)
	at org.openqa.selenium.remote.RemoteWebElement.execute(RemoteWebElement.java:285)
	at org.openqa.selenium.remote.RemoteWebElement.click(RemoteWebElement.java:84)
	at org.openqa.selenium.support.pagefactory.internal.LocatingElementHandler.invoke(LocatingElementHandler.java:51)
	at com.sun.proxy.$Proxy14.click(Unknown Source)
	at localStore.LocalStorePage.clickAppStore(LocalStorePage.java:302)
	at testLocalStorePage.localStorePageTest.clickAppStoreTest(localStorePageTest.java:113)
	at java.base/java.util.ArrayList.forEach(ArrayList.java:1541)
... Removed 39 stack frames
</div> <!-- stack-trace -->
                </div> <!-- method-content -->
              </div> <!-- method -->
              <div class="method">
                <div class="method-content">
                  <a name="clickPlayStoreTest">
                  </a> <!-- clickPlayStoreTest -->
                  <span class="method-name">clickPlayStoreTest</span>
                  <div class="stack-trace">org.openqa.selenium.ElementNotInteractableException: element not interactable
  (Session info: chrome=86.0.4240.198)
Build info: version: &apos;3.141.59&apos;, revision: &apos;e82be7d358&apos;, time: &apos;2018-11-14T08:17:03&apos;
System info: host: &apos;DESKTOP-TSTLMB5&apos;, ip: &apos;192.168.56.1&apos;, os.name: &apos;Windows 10&apos;, os.arch: &apos;amd64&apos;, os.version: &apos;10.0&apos;, java.version: &apos;11.0.9&apos;
Driver info: org.openqa.selenium.chrome.ChromeDriver
Capabilities {acceptInsecureCerts: false, browserName: chrome, browserVersion: 86.0.4240.198, chrome: {chromedriverVersion: 86.0.4240.22 (398b0743353ff..., userDataDir: C:\Users\aldri\AppData\Loca...}, goog:chromeOptions: {debuggerAddress: localhost:62725}, javascriptEnabled: true, networkConnectionEnabled: false, pageLoadStrategy: normal, platform: WINDOWS, platformName: WINDOWS, proxy: Proxy(), setWindowRect: true, strictFileInteractability: false, timeouts: {implicit: 0, pageLoad: 300000, script: 30000}, unhandledPromptBehavior: dismiss and notify, webauthn:virtualAuthenticators: true}
Session ID: 6e6261dcc2e4b7d71a5fdb2255dee1c2
	at org.openqa.selenium.remote.http.W3CHttpResponseCodec.createException(W3CHttpResponseCodec.java:187)
	at org.openqa.selenium.remote.http.W3CHttpResponseCodec.decode(W3CHttpResponseCodec.java:122)
	at org.openqa.selenium.remote.http.W3CHttpResponseCodec.decode(W3CHttpResponseCodec.java:49)
	at org.openqa.selenium.remote.HttpCommandExecutor.execute(HttpCommandExecutor.java:158)
	at org.openqa.selenium.remote.service.DriverCommandExecutor.execute(DriverCommandExecutor.java:83)
	at org.openqa.selenium.remote.RemoteWebDriver.execute(RemoteWebDriver.java:552)
	at org.openqa.selenium.remote.RemoteWebElement.execute(RemoteWebElement.java:285)
	at org.openqa.selenium.remote.RemoteWebElement.click(RemoteWebElement.java:84)
	at org.openqa.selenium.support.pagefactory.internal.LocatingElementHandler.invoke(LocatingElementHandler.java:51)
	at com.sun.proxy.$Proxy14.click(Unknown Source)
	at localStore.LocalStorePage.clickPlayStore(LocalStorePage.java:320)
	at testLocalStorePage.localStorePageTest.clickPlayStoreTest(localStorePageTest.java:119)
	at java.base/java.util.ArrayList.forEach(ArrayList.java:1541)
... Removed 39 stack frames
</div> <!-- stack-trace -->
                </div> <!-- method-content -->
              </div> <!-- method -->
              <div class="method">
                <div class="method-content">
                  <a name="emailSignupTest">
                  </a> <!-- emailSignupTest -->
                  <span class="method-name">emailSignupTest</span>
                  <div class="stack-trace">java.lang.AssertionError: Test Failed: Email does not match as provided. expected [testEmail1@walmart.com] but found []
	at localStore.LocalStorePage.validateSignupMethod(LocalStorePage.java:285)
	at testLocalStorePage.localStorePageTest.emailSignupTest(localStorePageTest.java:100)
	at java.base/java.util.ArrayList.forEach(ArrayList.java:1541)
... Removed 35 stack frames
</div> <!-- stack-trace -->
                </div> <!-- method-content -->
              </div> <!-- method -->
              <div class="method">
                <div class="method-content">
                  <a name="feedbackReviewTest">
                  </a> <!-- feedbackReviewTest -->
                  <span class="method-name">feedbackReviewTest</span>
                  <div class="stack-trace">org.openqa.selenium.NoSuchElementException: no such element: Unable to locate element: {&quot;method&quot;:&quot;css selector&quot;,&quot;selector&quot;:&quot;hf-feedback-bubble-fixed-link&quot;}
  (Session info: chrome=86.0.4240.198)
For documentation on this error, please visit: https://www.seleniumhq.org/exceptions/no_such_element.html
Build info: version: &apos;3.141.59&apos;, revision: &apos;e82be7d358&apos;, time: &apos;2018-11-14T08:17:03&apos;
System info: host: &apos;DESKTOP-TSTLMB5&apos;, ip: &apos;192.168.56.1&apos;, os.name: &apos;Windows 10&apos;, os.arch: &apos;amd64&apos;, os.version: &apos;10.0&apos;, java.version: &apos;11.0.9&apos;
Driver info: org.openqa.selenium.chrome.ChromeDriver
Capabilities {acceptInsecureCerts: false, browserName: chrome, browserVersion: 86.0.4240.198, chrome: {chromedriverVersion: 86.0.4240.22 (398b0743353ff..., userDataDir: C:\Users\aldri\AppData\Loca...}, goog:chromeOptions: {debuggerAddress: localhost:63132}, javascriptEnabled: true, networkConnectionEnabled: false, pageLoadStrategy: normal, platform: WINDOWS, platformName: WINDOWS, proxy: Proxy(), setWindowRect: true, strictFileInteractability: false, timeouts: {implicit: 0, pageLoad: 300000, script: 30000}, unhandledPromptBehavior: dismiss and notify, webauthn:virtualAuthenticators: true}
Session ID: ee840228e320ca5433b78f21d4647dc9
*** Element info: {Using=css selector, value=hf-feedback-bubble-fixed-link}
	at org.openqa.selenium.remote.http.W3CHttpResponseCodec.createException(W3CHttpResponseCodec.java:187)
	at org.openqa.selenium.remote.http.W3CHttpResponseCodec.decode(W3CHttpResponseCodec.java:122)
	at org.openqa.selenium.remote.http.W3CHttpResponseCodec.decode(W3CHttpResponseCodec.java:49)
	at org.openqa.selenium.remote.HttpCommandExecutor.execute(HttpCommandExecutor.java:158)
	at org.openqa.selenium.remote.service.DriverCommandExecutor.execute(DriverCommandExecutor.java:83)
	at org.openqa.selenium.remote.RemoteWebDriver.execute(RemoteWebDriver.java:552)
	at org.openqa.selenium.remote.RemoteWebDriver.findElement(RemoteWebDriver.java:323)
	at org.openqa.selenium.remote.RemoteWebDriver.findElementByCssSelector(RemoteWebDriver.java:420)
	at org.openqa.selenium.By$ByCssSelector.findElement(By.java:431)
	at org.openqa.selenium.remote.RemoteWebDriver.findElement(RemoteWebDriver.java:315)
	at org.openqa.selenium.support.pagefactory.DefaultElementLocator.findElement(DefaultElementLocator.java:69)
	at org.openqa.selenium.support.pagefactory.internal.LocatingElementHandler.invoke(LocatingElementHandler.java:38)
	at com.sun.proxy.$Proxy14.click(Unknown Source)
	at localStore.LocalStorePage.feedbackMethod(LocalStorePage.java:400)
	at testLocalStorePage.localStorePageTest.feedbackReviewTest(localStorePageTest.java:155)
	at java.base/java.util.ArrayList.forEach(ArrayList.java:1541)
... Removed 35 stack frames
</div> <!-- stack-trace -->
                </div> <!-- method-content -->
              </div> <!-- method -->
              <div class="method">
                <div class="method-content">
                  <a name="openHoursTest">
                  </a> <!-- openHoursTest -->
                  <span class="method-name">openHoursTest</span>
                  <div class="stack-trace">org.openqa.selenium.NoSuchElementException: no such element: Unable to locate element: {&quot;method&quot;:&quot;css selector&quot;,&quot;selector&quot;:&quot;div[aria-label=&apos;Open until 10 pm&apos;] span[class=&apos;open service-expander-friendly-hours&apos;]&quot;}
  (Session info: chrome=86.0.4240.198)
For documentation on this error, please visit: https://www.seleniumhq.org/exceptions/no_such_element.html
Build info: version: &apos;3.141.59&apos;, revision: &apos;e82be7d358&apos;, time: &apos;2018-11-14T08:17:03&apos;
System info: host: &apos;DESKTOP-TSTLMB5&apos;, ip: &apos;192.168.56.1&apos;, os.name: &apos;Windows 10&apos;, os.arch: &apos;amd64&apos;, os.version: &apos;10.0&apos;, java.version: &apos;11.0.9&apos;
Driver info: org.openqa.selenium.chrome.ChromeDriver
Capabilities {acceptInsecureCerts: false, browserName: chrome, browserVersion: 86.0.4240.198, chrome: {chromedriverVersion: 86.0.4240.22 (398b0743353ff..., userDataDir: C:\Users\aldri\AppData\Loca...}, goog:chromeOptions: {debuggerAddress: localhost:63894}, javascriptEnabled: true, networkConnectionEnabled: false, pageLoadStrategy: normal, platform: WINDOWS, platformName: WINDOWS, proxy: Proxy(), setWindowRect: true, strictFileInteractability: false, timeouts: {implicit: 0, pageLoad: 300000, script: 30000}, unhandledPromptBehavior: dismiss and notify, webauthn:virtualAuthenticators: true}
Session ID: 6aee5dcf8f3d7b1268d92ef092e3b0f5
*** Element info: {Using=css selector, value=div[aria-label=&apos;Open until 10 pm&apos;] span[class=&apos;open service-expander-friendly-hours&apos;]}
	at org.openqa.selenium.remote.http.W3CHttpResponseCodec.createException(W3CHttpResponseCodec.java:187)
	at org.openqa.selenium.remote.http.W3CHttpResponseCodec.decode(W3CHttpResponseCodec.java:122)
	at org.openqa.selenium.remote.http.W3CHttpResponseCodec.decode(W3CHttpResponseCodec.java:49)
	at org.openqa.selenium.remote.HttpCommandExecutor.execute(HttpCommandExecutor.java:158)
	at org.openqa.selenium.remote.service.DriverCommandExecutor.execute(DriverCommandExecutor.java:83)
	at org.openqa.selenium.remote.RemoteWebDriver.execute(RemoteWebDriver.java:552)
	at org.openqa.selenium.remote.RemoteWebDriver.findElement(RemoteWebDriver.java:323)
	at org.openqa.selenium.remote.RemoteWebDriver.findElementByCssSelector(RemoteWebDriver.java:420)
	at org.openqa.selenium.By$ByCssSelector.findElement(By.java:431)
	at org.openqa.selenium.remote.RemoteWebDriver.findElement(RemoteWebDriver.java:315)
	at org.openqa.selenium.support.pagefactory.DefaultElementLocator.findElement(DefaultElementLocator.java:69)
	at org.openqa.selenium.support.pagefactory.internal.LocatingElementHandler.invoke(LocatingElementHandler.java:38)
	at com.sun.proxy.$Proxy14.getText(Unknown Source)
	at localStore.LocalStorePage.validateOpenHours(LocalStorePage.java:188)
	at testLocalStorePage.localStorePageTest.openHoursTest(localStorePageTest.java:53)
	at java.base/java.util.ArrayList.forEach(ArrayList.java:1541)
... Removed 35 stack frames
</div> <!-- stack-trace -->
                </div> <!-- method-content -->
              </div> <!-- method -->
              <div class="method">
                <div class="method-content">
                  <a name="pharmacyDropDownTest">
                  </a> <!-- pharmacyDropDownTest -->
                  <span class="method-name">pharmacyDropDownTest</span>
                  <div class="stack-trace">org.openqa.selenium.ElementClickInterceptedException: element click intercepted: Element &lt;button class=&quot;button icon-button expander-toggle font-semibold button--link&quot; data-automation-id=&quot;button&quot; data-tl-id=&quot;expander-button&quot; aria-expanded=&quot;false&quot; type=&quot;button&quot;&gt;...&lt;/button&gt; is not clickable at point (947, 906). Other element would receive the click: &lt;span class=&quot;closed service-expander-friendly-hours&quot;&gt;...&lt;/span&gt;
  (Session info: chrome=86.0.4240.198)
Build info: version: &apos;3.141.59&apos;, revision: &apos;e82be7d358&apos;, time: &apos;2018-11-14T08:17:03&apos;
System info: host: &apos;DESKTOP-TSTLMB5&apos;, ip: &apos;192.168.56.1&apos;, os.name: &apos;Windows 10&apos;, os.arch: &apos;amd64&apos;, os.version: &apos;10.0&apos;, java.version: &apos;11.0.9&apos;
Driver info: org.openqa.selenium.chrome.ChromeDriver
Capabilities {acceptInsecureCerts: false, browserName: chrome, browserVersion: 86.0.4240.198, chrome: {chromedriverVersion: 86.0.4240.22 (398b0743353ff..., userDataDir: C:\Users\aldri\AppData\Loca...}, goog:chromeOptions: {debuggerAddress: localhost:63974}, javascriptEnabled: true, networkConnectionEnabled: false, pageLoadStrategy: normal, platform: WINDOWS, platformName: WINDOWS, proxy: Proxy(), setWindowRect: true, strictFileInteractability: false, timeouts: {implicit: 0, pageLoad: 300000, script: 30000}, unhandledPromptBehavior: dismiss and notify, webauthn:virtualAuthenticators: true}
Session ID: 955f44769a801be237c5facfca62b0ea
	at org.openqa.selenium.remote.http.W3CHttpResponseCodec.createException(W3CHttpResponseCodec.java:187)
	at org.openqa.selenium.remote.http.W3CHttpResponseCodec.decode(W3CHttpResponseCodec.java:122)
	at org.openqa.selenium.remote.http.W3CHttpResponseCodec.decode(W3CHttpResponseCodec.java:49)
	at org.openqa.selenium.remote.HttpCommandExecutor.execute(HttpCommandExecutor.java:158)
	at org.openqa.selenium.remote.service.DriverCommandExecutor.execute(DriverCommandExecutor.java:83)
	at org.openqa.selenium.remote.RemoteWebDriver.execute(RemoteWebDriver.java:552)
	at org.openqa.selenium.remote.RemoteWebElement.execute(RemoteWebElement.java:285)
	at org.openqa.selenium.remote.RemoteWebElement.click(RemoteWebElement.java:84)
	at org.openqa.selenium.support.pagefactory.internal.LocatingElementHandler.invoke(LocatingElementHandler.java:51)
	at com.sun.proxy.$Proxy14.click(Unknown Source)
	at localStore.LocalStorePage.pharmacyDropDown(LocalStorePage.java:224)
	at testLocalStorePage.localStorePageTest.pharmacyDropDownTest(localStorePageTest.java:73)
	at java.base/java.util.ArrayList.forEach(ArrayList.java:1541)
... Removed 38 stack frames
</div> <!-- stack-trace -->
                </div> <!-- method-content -->
              </div> <!-- method -->
              <div class="method">
                <div class="method-content">
                  <a name="trackOrderTest">
                  </a> <!-- trackOrderTest -->
                  <span class="method-name">trackOrderTest</span>
                  <div class="stack-trace">org.openqa.selenium.ElementNotInteractableException: element not interactable
  (Session info: chrome=86.0.4240.198)
Build info: version: &apos;3.141.59&apos;, revision: &apos;e82be7d358&apos;, time: &apos;2018-11-14T08:17:03&apos;
System info: host: &apos;DESKTOP-TSTLMB5&apos;, ip: &apos;192.168.56.1&apos;, os.name: &apos;Windows 10&apos;, os.arch: &apos;amd64&apos;, os.version: &apos;10.0&apos;, java.version: &apos;11.0.9&apos;
Driver info: org.openqa.selenium.chrome.ChromeDriver
Capabilities {acceptInsecureCerts: false, browserName: chrome, browserVersion: 86.0.4240.198, chrome: {chromedriverVersion: 86.0.4240.22 (398b0743353ff..., userDataDir: C:\Users\aldri\AppData\Loca...}, goog:chromeOptions: {debuggerAddress: localhost:64310}, javascriptEnabled: true, networkConnectionEnabled: false, pageLoadStrategy: normal, platform: WINDOWS, platformName: WINDOWS, proxy: Proxy(), setWindowRect: true, strictFileInteractability: false, timeouts: {implicit: 0, pageLoad: 300000, script: 30000}, unhandledPromptBehavior: dismiss and notify, webauthn:virtualAuthenticators: true}
Session ID: 133b263127438d70c68439bf4837d062
	at org.openqa.selenium.remote.http.W3CHttpResponseCodec.createException(W3CHttpResponseCodec.java:187)
	at org.openqa.selenium.remote.http.W3CHttpResponseCodec.decode(W3CHttpResponseCodec.java:122)
	at org.openqa.selenium.remote.http.W3CHttpResponseCodec.decode(W3CHttpResponseCodec.java:49)
	at org.openqa.selenium.remote.HttpCommandExecutor.execute(HttpCommandExecutor.java:158)
	at org.openqa.selenium.remote.service.DriverCommandExecutor.execute(DriverCommandExecutor.java:83)
	at org.openqa.selenium.remote.RemoteWebDriver.execute(RemoteWebDriver.java:552)
	at org.openqa.selenium.remote.RemoteWebElement.execute(RemoteWebElement.java:285)
	at org.openqa.selenium.remote.RemoteWebElement.click(RemoteWebElement.java:84)
	at org.openqa.selenium.support.pagefactory.internal.LocatingElementHandler.invoke(LocatingElementHandler.java:51)
	at com.sun.proxy.$Proxy14.click(Unknown Source)
	at localStore.LocalStorePage.clickTrackOrder(LocalStorePage.java:388)
	at testLocalStorePage.localStorePageTest.trackOrderTest(localStorePageTest.java:149)
	at java.base/java.util.ArrayList.forEach(ArrayList.java:1541)
... Removed 38 stack frames
</div> <!-- stack-trace -->
                </div> <!-- method-content -->
              </div> <!-- method -->
            </div> <!-- main-panel-content rounded-window-bottom -->
          </div> <!-- suite-TestSuit-class-failed -->
          <div class="suite-TestSuit-class-passed">
            <div class="main-panel-header rounded-window-top">
              <img src="passed.png"/>
              <span class="class-name">testLocalStorePage.localStorePageTest</span>
            </div> <!-- main-panel-header rounded-window-top -->
            <div class="main-panel-content rounded-window-bottom">
              <div class="method">
                <div class="method-content">
                  <a name="accountSignInTest">
                  </a> <!-- accountSignInTest -->
                  <span class="method-name">accountSignInTest</span>
                </div> <!-- method-content -->
              </div> <!-- method -->
              <div class="method">
                <div class="method-content">
                  <a name="assertCopyRightTextTest">
                  </a> <!-- assertCopyRightTextTest -->
                  <span class="method-name">assertCopyRightTextTest</span>
                </div> <!-- method-content -->
              </div> <!-- method -->
              <div class="method">
                <div class="method-content">
                  <a name="featureCoronaPageTest">
                  </a> <!-- featureCoronaPageTest -->
                  <span class="method-name">featureCoronaPageTest</span>
                </div> <!-- method-content -->
              </div> <!-- method -->
              <div class="method">
                <div class="method-content">
                  <a name="featureCoronaTest">
                  </a> <!-- featureCoronaTest -->
                  <span class="method-name">featureCoronaTest</span>
                </div> <!-- method-content -->
              </div> <!-- method -->
              <div class="method">
                <div class="method-content">
                  <a name="findAnotherStoreTest">
                  </a> <!-- findAnotherStoreTest -->
                  <span class="method-name">findAnotherStoreTest</span>
                </div> <!-- method-content -->
              </div> <!-- method -->
              <div class="method">
                <div class="method-content">
                  <a name="footerDigitalMuseumCheckTest">
                  </a> <!-- footerDigitalMuseumCheckTest -->
                  <span class="method-name">footerDigitalMuseumCheckTest</span>
                </div> <!-- method-content -->
              </div> <!-- method -->
              <div class="method">
                <div class="method-content">
                  <a name="footerWeeklyAdsCheckTest">
                  </a> <!-- footerWeeklyAdsCheckTest -->
                  <span class="method-name">footerWeeklyAdsCheckTest</span>
                </div> <!-- method-content -->
              </div> <!-- method -->
              <div class="method">
                <div class="method-content">
                  <a name="getDirectionTest">
                  </a> <!-- getDirectionTest -->
                  <span class="method-name">getDirectionTest</span>
                </div> <!-- method-content -->
              </div> <!-- method -->
              <div class="method">
                <div class="method-content">
                  <a name="learnAboutWalmartPlusTest">
                  </a> <!-- learnAboutWalmartPlusTest -->
                  <span class="method-name">learnAboutWalmartPlusTest</span>
                </div> <!-- method-content -->
              </div> <!-- method -->
              <div class="method">
                <div class="method-content">
                  <a name="makeThisMyStoreTest">
                  </a> <!-- makeThisMyStoreTest -->
                  <span class="method-name">makeThisMyStoreTest</span>
                </div> <!-- method-content -->
              </div> <!-- method -->
              <div class="method">
                <div class="method-content">
                  <a name="navigateToLocalStoreTest">
                  </a> <!-- navigateToLocalStoreTest -->
                  <span class="method-name">navigateToLocalStoreTest</span>
                </div> <!-- method-content -->
              </div> <!-- method -->
              <div class="method">
                <div class="method-content">
                  <a name="newsAndEventsTest">
                  </a> <!-- newsAndEventsTest -->
                  <span class="method-name">newsAndEventsTest</span>
                </div> <!-- method-content -->
              </div> <!-- method -->
              <div class="method">
                <div class="method-content">
                  <a name="productRecallTest">
                  </a> <!-- productRecallTest -->
                  <span class="method-name">productRecallTest</span>
                </div> <!-- method-content -->
              </div> <!-- method -->
              <div class="method">
                <div class="method-content">
                  <a name="searchStoreTest">
                  </a> <!-- searchStoreTest -->
                  <span class="method-name">searchStoreTest</span>
                </div> <!-- method-content -->
              </div> <!-- method -->
              <div class="method">
                <div class="method-content">
                  <a name="submitComplaintTest">
                  </a> <!-- submitComplaintTest -->
                  <span class="method-name">submitComplaintTest</span>
                </div> <!-- method-content -->
              </div> <!-- method -->
              <div class="method">
                <div class="method-content">
                  <a name="wPlusPageTest">
                  </a> <!-- wPlusPageTest -->
                  <span class="method-name">wPlusPageTest</span>
                </div> <!-- method-content -->
              </div> <!-- method -->
            </div> <!-- main-panel-content rounded-window-bottom -->
          </div> <!-- suite-TestSuit-class-passed -->
        </div> <!-- panel TestSuit -->
        <div panel-name="test-xml-TestSuit" class="panel">
          <div class="main-panel-header rounded-window-top">
            <span class="header-content">C:\Users\aldri\IdeaProjects\WebAutomation_Team2\Walmart\target\test-classes\WalmartTestRunner.xml</span>
          </div> <!-- main-panel-header rounded-window-top -->
          <div class="main-panel-content rounded-window-bottom">
            <pre>
&lt;?xml version=&quot;1.0&quot; encoding=&quot;UTF-8&quot;?&gt;
&lt;!DOCTYPE suite SYSTEM &quot;https://testng.org/testng-1.0.dtd&quot;&gt;
&lt;suite name=&quot;TestSuit&quot; guice-stage=&quot;DEVELOPMENT&quot; verbose=&quot;0&quot;&gt;
  &lt;parameter name=&quot;useCloudEnv&quot; value=&quot;false&quot;/&gt;
  &lt;parameter name=&quot;OS&quot; value=&quot;windows&quot;/&gt;
  &lt;parameter name=&quot;os_version&quot; value=&quot;10&quot;/&gt;
  &lt;parameter name=&quot;browserVersion&quot; value=&quot;86&quot;/&gt;
  &lt;parameter name=&quot;browserName&quot; value=&quot;chrome&quot;/&gt;
  &lt;parameter name=&quot;cloudEnvName&quot; value=&quot;browserStack&quot;/&gt;
  &lt;parameter name=&quot;url&quot; value=&quot;https://www.walmart.com/&quot;/&gt;
  &lt;test thread-count=&quot;5&quot; name=&quot;Walmart&quot; verbose=&quot;0&quot;&gt;
    &lt;classes&gt;
      &lt;class name=&quot;testLocalStorePage.localStorePageTest&quot;/&gt;
    &lt;/classes&gt;
  &lt;/test&gt; &lt;!-- Walmart --&gt;
&lt;/suite&gt; &lt;!-- TestSuit --&gt;
            </pre>
          </div> <!-- main-panel-content rounded-window-bottom -->
        </div> <!-- panel -->
        <div panel-name="testlist-TestSuit" class="panel">
          <div class="main-panel-header rounded-window-top">
            <span class="header-content">Tests for TestSuit</span>
          </div> <!-- main-panel-header rounded-window-top -->
          <div class="main-panel-content rounded-window-bottom">
            <ul>
              <li>
                <span class="test-name">Walmart (1 class)</span>
              </li>
            </ul>
          </div> <!-- main-panel-content rounded-window-bottom -->
        </div> <!-- panel -->
        <div panel-name="group-TestSuit" class="panel">
          <div class="main-panel-header rounded-window-top">
            <span class="header-content">Groups for TestSuit</span>
          </div> <!-- main-panel-header rounded-window-top -->
          <div class="main-panel-content rounded-window-bottom">
          </div> <!-- main-panel-content rounded-window-bottom -->
        </div> <!-- panel -->
        <div panel-name="times-TestSuit" class="panel">
          <div class="main-panel-header rounded-window-top">
            <span class="header-content">Times for TestSuit</span>
          </div> <!-- main-panel-header rounded-window-top -->
          <div class="main-panel-content rounded-window-bottom">
            <div class="times-div">
              <script type="text/javascript">
suiteTableInitFunctions.push('tableData_TestSuit');
function tableData_TestSuit() {
var data = new google.visualization.DataTable();
data.addColumn('number', 'Number');
data.addColumn('string', 'Method');
data.addColumn('string', 'Class');
data.addColumn('number', 'Time (ms)');
data.addRows(25);
data.setCell(0, 0, 0)
data.setCell(0, 1, 'trackOrderTest')
data.setCell(0, 2, 'testLocalStorePage.localStorePageTest')
data.setCell(0, 3, 23269);
data.setCell(1, 0, 1)
data.setCell(1, 1, 'clickAppStoreTest')
data.setCell(1, 2, 'testLocalStorePage.localStorePageTest')
data.setCell(1, 3, 20633);
data.setCell(2, 0, 2)
data.setCell(2, 1, 'clickPlayStoreTest')
data.setCell(2, 2, 'testLocalStorePage.localStorePageTest')
data.setCell(2, 3, 20614);
data.setCell(3, 0, 3)
data.setCell(3, 1, 'openHoursTest')
data.setCell(3, 2, 'testLocalStorePage.localStorePageTest')
data.setCell(3, 3, 20216);
data.setCell(4, 0, 4)
data.setCell(4, 1, 'feedbackReviewTest')
data.setCell(4, 2, 'testLocalStorePage.localStorePageTest')
data.setCell(4, 3, 20183);
data.setCell(5, 0, 5)
data.setCell(5, 1, 'featureCoronaPageTest')
data.setCell(5, 2, 'testLocalStorePage.localStorePageTest')
data.setCell(5, 3, 18426);
data.setCell(6, 0, 6)
data.setCell(6, 1, 'wPlusPageTest')
data.setCell(6, 2, 'testLocalStorePage.localStorePageTest')
data.setCell(6, 3, 17421);
data.setCell(7, 0, 7)
data.setCell(7, 1, 'careersPageTest')
data.setCell(7, 2, 'testLocalStorePage.localStorePageTest')
data.setCell(7, 3, 10953);
data.setCell(8, 0, 8)
data.setCell(8, 1, 'submitComplaintTest')
data.setCell(8, 2, 'testLocalStorePage.localStorePageTest')
data.setCell(8, 3, 9917);
data.setCell(9, 0, 9)
data.setCell(9, 1, 'newsAndEventsTest')
data.setCell(9, 2, 'testLocalStorePage.localStorePageTest')
data.setCell(9, 3, 9236);
data.setCell(10, 0, 10)
data.setCell(10, 1, 'footerDigitalMuseumCheckTest')
data.setCell(10, 2, 'testLocalStorePage.localStorePageTest')
data.setCell(10, 3, 8494);
data.setCell(11, 0, 11)
data.setCell(11, 1, 'getDirectionTest')
data.setCell(11, 2, 'testLocalStorePage.localStorePageTest')
data.setCell(11, 3, 6328);
data.setCell(12, 0, 12)
data.setCell(12, 1, 'productRecallTest')
data.setCell(12, 2, 'testLocalStorePage.localStorePageTest')
data.setCell(12, 3, 5584);
data.setCell(13, 0, 13)
data.setCell(13, 1, 'accountSignInTest')
data.setCell(13, 2, 'testLocalStorePage.localStorePageTest')
data.setCell(13, 3, 5544);
data.setCell(14, 0, 14)
data.setCell(14, 1, 'learnAboutWalmartPlusTest')
data.setCell(14, 2, 'testLocalStorePage.localStorePageTest')
data.setCell(14, 3, 5376);
data.setCell(15, 0, 15)
data.setCell(15, 1, 'makeThisMyStoreTest')
data.setCell(15, 2, 'testLocalStorePage.localStorePageTest')
data.setCell(15, 3, 5101);
data.setCell(16, 0, 16)
data.setCell(16, 1, 'searchStoreTest')
data.setCell(16, 2, 'testLocalStorePage.localStorePageTest')
data.setCell(16, 3, 4995);
data.setCell(17, 0, 17)
data.setCell(17, 1, 'findAnotherStoreTest')
data.setCell(17, 2, 'testLocalStorePage.localStorePageTest')
data.setCell(17, 3, 4783);
data.setCell(18, 0, 18)
data.setCell(18, 1, 'footerWeeklyAdsCheckTest')
data.setCell(18, 2, 'testLocalStorePage.localStorePageTest')
data.setCell(18, 3, 2726);
data.setCell(19, 0, 19)
data.setCell(19, 1, 'emailSignupTest')
data.setCell(19, 2, 'testLocalStorePage.localStorePageTest')
data.setCell(19, 3, 2595);
data.setCell(20, 0, 20)
data.setCell(20, 1, 'featureCoronaTest')
data.setCell(20, 2, 'testLocalStorePage.localStorePageTest')
data.setCell(20, 3, 1792);
data.setCell(21, 0, 21)
data.setCell(21, 1, 'pharmacyDropDownTest')
data.setCell(21, 2, 'testLocalStorePage.localStorePageTest')
data.setCell(21, 3, 1685);
data.setCell(22, 0, 22)
data.setCell(22, 1, 'assertCopyRightTextTest')
data.setCell(22, 2, 'testLocalStorePage.localStorePageTest')
data.setCell(22, 3, 585);
data.setCell(23, 0, 23)
data.setCell(23, 1, 'callTheStoreTest')
data.setCell(23, 2, 'testLocalStorePage.localStorePageTest')
data.setCell(23, 3, 529);
data.setCell(24, 0, 24)
data.setCell(24, 1, 'navigateToLocalStoreTest')
data.setCell(24, 2, 'testLocalStorePage.localStorePageTest')
data.setCell(24, 3, 56);
window.suiteTableData['TestSuit']= { tableData: data, tableDiv: 'times-div-TestSuit'}
return data;
}
              </script>
              <span class="suite-total-time">Total running time: 3 minutes</span>
              <div id="times-div-TestSuit">
              </div> <!-- times-div-TestSuit -->
            </div> <!-- times-div -->
          </div> <!-- main-panel-content rounded-window-bottom -->
        </div> <!-- panel -->
        <div panel-name="reporter-TestSuit" class="panel">
          <div class="main-panel-header rounded-window-top">
            <span class="header-content">Reporter output for TestSuit</span>
          </div> <!-- main-panel-header rounded-window-top -->
          <div class="main-panel-content rounded-window-bottom">
          </div> <!-- main-panel-content rounded-window-bottom -->
        </div> <!-- panel -->
        <div panel-name="ignored-methods-TestSuit" class="panel">
          <div class="main-panel-header rounded-window-top">
            <span class="header-content">0 ignored methods</span>
          </div> <!-- main-panel-header rounded-window-top -->
          <div class="main-panel-content rounded-window-bottom">
          </div> <!-- main-panel-content rounded-window-bottom -->
        </div> <!-- panel -->
        <div panel-name="chronological-TestSuit" class="panel">
          <div class="main-panel-header rounded-window-top">
            <span class="header-content">Methods in chronological order</span>
          </div> <!-- main-panel-header rounded-window-top -->
          <div class="main-panel-content rounded-window-bottom">
            <div class="chronological-class">
              <div class="chronological-class-name">testLocalStorePage.localStorePageTest</div> <!-- chronological-class-name -->
              <div class="configuration-suite before">
                <span class="method-name">extentSetup(org.testng.TestRunner@ff0e6d4)</span>
                <span class="method-start">0 ms</span>
              </div> <!-- configuration-suite before -->
              <div class="configuration-method before">
                <span class="method-name">setUp(false, browserStack, windows, 10, chrome, 86, https://www.walmart.com/)</span>
                <span class="method-start">915 ms</span>
              </div> <!-- configuration-method before -->
              <div class="configuration-method before">
                <span class="method-name">startExtent(public void testLocalStorePage.localStorePageTest.accountSignInTest())</span>
                <span class="method-start">14833 ms</span>
              </div> <!-- configuration-method before -->
              <div class="configuration-method before">
                <span class="method-name">getInit</span>
                <span class="method-start">14849 ms</span>
              </div> <!-- configuration-method before -->
              <div class="test-method">
                <span class="method-name">accountSignInTest</span>
                <span class="method-start">23507 ms</span>
              </div> <!-- test-method -->
              <div class="configuration-method after">
                <span class="method-name">afterEachTestMethod([TestResult name=accountSignInTest status=SUCCESS method=localStorePageTest.accountSignInTest()[pri:...)</span>
                <span class="method-start">29063 ms</span>
              </div> <!-- configuration-method after -->
              <div class="configuration-method after">
                <span class="method-name">cleanUp</span>
                <span class="method-start">30984 ms</span>
              </div> <!-- configuration-method after -->
              <div class="configuration-method before">
                <span class="method-name">setUp(false, browserStack, windows, 10, chrome, 86, https://www.walmart.com/)</span>
                <span class="method-start">30984 ms</span>
              </div> <!-- configuration-method before -->
              <div class="configuration-method before">
                <span class="method-name">startExtent(public void testLocalStorePage.localStorePageTest.assertCopyRightTextTest())</span>
                <span class="method-start">41287 ms</span>
              </div> <!-- configuration-method before -->
              <div class="configuration-method before">
                <span class="method-name">getInit</span>
                <span class="method-start">41289 ms</span>
              </div> <!-- configuration-method before -->
              <div class="test-method">
                <span class="method-name">assertCopyRightTextTest</span>
                <span class="method-start">47773 ms</span>
              </div> <!-- test-method -->
              <div class="configuration-method after">
                <span class="method-name">afterEachTestMethod([TestResult name=assertCopyRightTextTest status=SUCCESS method=localStorePageTest.assertCopyRightTex...)</span>
                <span class="method-start">48360 ms</span>
              </div> <!-- configuration-method after -->
              <div class="configuration-method after">
                <span class="method-name">cleanUp</span>
                <span class="method-start">51178 ms</span>
              </div> <!-- configuration-method after -->
              <div class="configuration-method before">
                <span class="method-name">setUp(false, browserStack, windows, 10, chrome, 86, https://www.walmart.com/)</span>
                <span class="method-start">51178 ms</span>
              </div> <!-- configuration-method before -->
              <div class="configuration-method before">
                <span class="method-name">startExtent(public void testLocalStorePage.localStorePageTest.callTheStoreTest())</span>
                <span class="method-start">60193 ms</span>
              </div> <!-- configuration-method before -->
              <div class="configuration-method before">
                <span class="method-name">getInit</span>
                <span class="method-start">60193 ms</span>
              </div> <!-- configuration-method before -->
              <div class="test-method">
                <img src="failed.png">
                </img>
                <span class="method-name">callTheStoreTest</span>
                <span class="method-start">67970 ms</span>
              </div> <!-- test-method -->
              <div class="configuration-method after">
                <span class="method-name">afterEachTestMethod([TestResult name=callTheStoreTest status=FAILURE method=localStorePageTest.callTheStoreTest()[pri:0,...)</span>
                <span class="method-start">68527 ms</span>
              </div> <!-- configuration-method after -->
              <div class="configuration-method after">
                <span class="method-name">cleanUp</span>
                <span class="method-start">71574 ms</span>
              </div> <!-- configuration-method after -->
              <div class="configuration-method before">
                <span class="method-name">setUp(false, browserStack, windows, 10, chrome, 86, https://www.walmart.com/)</span>
                <span class="method-start">71575 ms</span>
              </div> <!-- configuration-method before -->
              <div class="configuration-method before">
                <span class="method-name">startExtent(public void testLocalStorePage.localStorePageTest.careersPageTest())</span>
                <span class="method-start">82914 ms</span>
              </div> <!-- configuration-method before -->
              <div class="configuration-method before">
                <span class="method-name">getInit</span>
                <span class="method-start">82915 ms</span>
              </div> <!-- configuration-method before -->
              <div class="test-method">
                <img src="failed.png">
                </img>
                <span class="method-name">careersPageTest</span>
                <span class="method-start">88864 ms</span>
              </div> <!-- test-method -->
              <div class="configuration-method after">
                <span class="method-name">afterEachTestMethod([TestResult name=careersPageTest status=FAILURE method=localStorePageTest.careersPageTest()[pri:0, i...)</span>
                <span class="method-start">99817 ms</span>
              </div> <!-- configuration-method after -->
              <div class="configuration-method after">
                <span class="method-name">cleanUp</span>
                <span class="method-start">102364 ms</span>
              </div> <!-- configuration-method after -->
              <div class="configuration-method before">
                <span class="method-name">setUp(false, browserStack, windows, 10, chrome, 86, https://www.walmart.com/)</span>
                <span class="method-start">102366 ms</span>
              </div> <!-- configuration-method before -->
              <div class="configuration-method before">
                <span class="method-name">startExtent(public void testLocalStorePage.localStorePageTest.clickAppStoreTest())</span>
                <span class="method-start">112010 ms</span>
              </div> <!-- configuration-method before -->
              <div class="configuration-method before">
                <span class="method-name">getInit</span>
                <span class="method-start">112026 ms</span>
              </div> <!-- configuration-method before -->
              <div class="test-method">
                <img src="failed.png">
                </img>
                <span class="method-name">clickAppStoreTest</span>
                <span class="method-start">118538 ms</span>
              </div> <!-- test-method -->
              <div class="configuration-method after">
                <span class="method-name">afterEachTestMethod([TestResult name=clickAppStoreTest status=FAILURE method=localStorePageTest.clickAppStoreTest()[pri:...)</span>
                <span class="method-start">139171 ms</span>
              </div> <!-- configuration-method after -->
              <div class="configuration-method after">
                <span class="method-name">cleanUp</span>
                <span class="method-start">143852 ms</span>
              </div> <!-- configuration-method after -->
              <div class="configuration-method before">
                <span class="method-name">setUp(false, browserStack, windows, 10, chrome, 86, https://www.walmart.com/)</span>
                <span class="method-start">143853 ms</span>
              </div> <!-- configuration-method before -->
              <div class="configuration-method before">
                <span class="method-name">startExtent(public void testLocalStorePage.localStorePageTest.clickPlayStoreTest())</span>
                <span class="method-start">154346 ms</span>
              </div> <!-- configuration-method before -->
              <div class="configuration-method before">
                <span class="method-name">getInit</span>
                <span class="method-start">154347 ms</span>
              </div> <!-- configuration-method before -->
              <div class="test-method">
                <img src="failed.png">
                </img>
                <span class="method-name">clickPlayStoreTest</span>
                <span class="method-start">160751 ms</span>
              </div> <!-- test-method -->
              <div class="configuration-method after">
                <span class="method-name">afterEachTestMethod([TestResult name=clickPlayStoreTest status=FAILURE method=localStorePageTest.clickPlayStoreTest()[pr...)</span>
                <span class="method-start">181367 ms</span>
              </div> <!-- configuration-method after -->
              <div class="configuration-method after">
                <span class="method-name">cleanUp</span>
                <span class="method-start">183134 ms</span>
              </div> <!-- configuration-method after -->
              <div class="configuration-method before">
                <span class="method-name">setUp(false, browserStack, windows, 10, chrome, 86, https://www.walmart.com/)</span>
                <span class="method-start">183135 ms</span>
              </div> <!-- configuration-method before -->
              <div class="configuration-method before">
                <span class="method-name">startExtent(public void testLocalStorePage.localStorePageTest.emailSignupTest())</span>
                <span class="method-start">192713 ms</span>
              </div> <!-- configuration-method before -->
              <div class="configuration-method before">
                <span class="method-name">getInit</span>
                <span class="method-start">192715 ms</span>
              </div> <!-- configuration-method before -->
              <div class="test-method">
                <img src="failed.png">
                </img>
                <span class="method-name">emailSignupTest</span>
                <span class="method-start">198695 ms</span>
              </div> <!-- test-method -->
              <div class="configuration-method after">
                <span class="method-name">afterEachTestMethod([TestResult name=emailSignupTest status=FAILURE method=localStorePageTest.emailSignupTest()[pri:0, i...)</span>
                <span class="method-start">201291 ms</span>
              </div> <!-- configuration-method after -->
              <div class="configuration-method after">
                <span class="method-name">cleanUp</span>
                <span class="method-start">204230 ms</span>
              </div> <!-- configuration-method after -->
              <div class="configuration-method before">
                <span class="method-name">setUp(false, browserStack, windows, 10, chrome, 86, https://www.walmart.com/)</span>
                <span class="method-start">204230 ms</span>
              </div> <!-- configuration-method before -->
              <div class="configuration-method before">
                <span class="method-name">startExtent(public void testLocalStorePage.localStorePageTest.featureCoronaPageTest())</span>
                <span class="method-start">215945 ms</span>
              </div> <!-- configuration-method before -->
              <div class="configuration-method before">
                <span class="method-name">getInit</span>
                <span class="method-start">215946 ms</span>
              </div> <!-- configuration-method before -->
              <div class="test-method">
                <span class="method-name">featureCoronaPageTest</span>
                <span class="method-start">221797 ms</span>
              </div> <!-- test-method -->
              <div class="configuration-method after">
                <span class="method-name">afterEachTestMethod([TestResult name=featureCoronaPageTest status=SUCCESS method=localStorePageTest.featureCoronaPageTes...)</span>
                <span class="method-start">240223 ms</span>
              </div> <!-- configuration-method after -->
              <div class="configuration-method after">
                <span class="method-name">cleanUp</span>
                <span class="method-start">242925 ms</span>
              </div> <!-- configuration-method after -->
              <div class="configuration-method before">
                <span class="method-name">setUp(false, browserStack, windows, 10, chrome, 86, https://www.walmart.com/)</span>
                <span class="method-start">242945 ms</span>
              </div> <!-- configuration-method before -->
              <div class="configuration-method before">
                <span class="method-name">startExtent(public void testLocalStorePage.localStorePageTest.featureCoronaTest())</span>
                <span class="method-start">252975 ms</span>
              </div> <!-- configuration-method before -->
              <div class="configuration-method before">
                <span class="method-name">getInit</span>
                <span class="method-start">252976 ms</span>
              </div> <!-- configuration-method before -->
              <div class="test-method">
                <span class="method-name">featureCoronaTest</span>
                <span class="method-start">259170 ms</span>
              </div> <!-- test-method -->
              <div class="configuration-method after">
                <span class="method-name">afterEachTestMethod([TestResult name=featureCoronaTest status=SUCCESS method=localStorePageTest.featureCoronaTest()[pri:...)</span>
                <span class="method-start">260963 ms</span>
              </div> <!-- configuration-method after -->
              <div class="configuration-method after">
                <span class="method-name">cleanUp</span>
                <span class="method-start">262776 ms</span>
              </div> <!-- configuration-method after -->
              <div class="configuration-method before">
                <span class="method-name">setUp(false, browserStack, windows, 10, chrome, 86, https://www.walmart.com/)</span>
                <span class="method-start">262778 ms</span>
              </div> <!-- configuration-method before -->
              <div class="configuration-method before">
                <span class="method-name">startExtent(public void testLocalStorePage.localStorePageTest.feedbackReviewTest())</span>
                <span class="method-start">273489 ms</span>
              </div> <!-- configuration-method before -->
              <div class="configuration-method before">
                <span class="method-name">getInit</span>
                <span class="method-start">273489 ms</span>
              </div> <!-- configuration-method before -->
              <div class="test-method">
                <img src="failed.png">
                </img>
                <span class="method-name">feedbackReviewTest</span>
                <span class="method-start">279097 ms</span>
              </div> <!-- test-method -->
              <div class="configuration-method after">
                <span class="method-name">afterEachTestMethod([TestResult name=feedbackReviewTest status=FAILURE method=localStorePageTest.feedbackReviewTest()[pr...)</span>
                <span class="method-start">299281 ms</span>
              </div> <!-- configuration-method after -->
              <div class="configuration-method after">
                <span class="method-name">cleanUp</span>
                <span class="method-start">302297 ms</span>
              </div> <!-- configuration-method after -->
              <div class="configuration-method before">
                <span class="method-name">setUp(false, browserStack, windows, 10, chrome, 86, https://www.walmart.com/)</span>
                <span class="method-start">302299 ms</span>
              </div> <!-- configuration-method before -->
              <div class="configuration-method before">
                <span class="method-name">startExtent(public void testLocalStorePage.localStorePageTest.findAnotherStoreTest())</span>
                <span class="method-start">312716 ms</span>
              </div> <!-- configuration-method before -->
              <div class="configuration-method before">
                <span class="method-name">getInit</span>
                <span class="method-start">312717 ms</span>
              </div> <!-- configuration-method before -->
              <div class="test-method">
                <span class="method-name">findAnotherStoreTest</span>
                <span class="method-start">318512 ms</span>
              </div> <!-- test-method -->
              <div class="configuration-method after">
                <span class="method-name">afterEachTestMethod([TestResult name=findAnotherStoreTest status=SUCCESS method=localStorePageTest.findAnotherStoreTest(...)</span>
                <span class="method-start">323296 ms</span>
              </div> <!-- configuration-method after -->
              <div class="configuration-method after">
                <span class="method-name">cleanUp</span>
                <span class="method-start">324674 ms</span>
              </div> <!-- configuration-method after -->
              <div class="configuration-method before">
                <span class="method-name">setUp(false, browserStack, windows, 10, chrome, 86, https://www.walmart.com/)</span>
                <span class="method-start">324680 ms</span>
              </div> <!-- configuration-method before -->
              <div class="configuration-method before">
                <span class="method-name">startExtent(public void testLocalStorePage.localStorePageTest.footerDigitalMuseumCheckTest())</span>
                <span class="method-start">336406 ms</span>
              </div> <!-- configuration-method before -->
              <div class="configuration-method before">
                <span class="method-name">getInit</span>
                <span class="method-start">336407 ms</span>
              </div> <!-- configuration-method before -->
              <div class="test-method">
                <span class="method-name">footerDigitalMuseumCheckTest</span>
                <span class="method-start">343307 ms</span>
              </div> <!-- test-method -->
              <div class="configuration-method after">
                <span class="method-name">afterEachTestMethod([TestResult name=footerDigitalMuseumCheckTest status=SUCCESS method=localStorePageTest.footerDigital...)</span>
                <span class="method-start">351802 ms</span>
              </div> <!-- configuration-method after -->
              <div class="configuration-method after">
                <span class="method-name">cleanUp</span>
                <span class="method-start">353552 ms</span>
              </div> <!-- configuration-method after -->
              <div class="configuration-method before">
                <span class="method-name">setUp(false, browserStack, windows, 10, chrome, 86, https://www.walmart.com/)</span>
                <span class="method-start">353554 ms</span>
              </div> <!-- configuration-method before -->
              <div class="configuration-method before">
                <span class="method-name">startExtent(public void testLocalStorePage.localStorePageTest.footerWeeklyAdsCheckTest())</span>
                <span class="method-start">363191 ms</span>
              </div> <!-- configuration-method before -->
              <div class="configuration-method before">
                <span class="method-name">getInit</span>
                <span class="method-start">363191 ms</span>
              </div> <!-- configuration-method before -->
              <div class="test-method">
                <span class="method-name">footerWeeklyAdsCheckTest</span>
                <span class="method-start">368564 ms</span>
              </div> <!-- test-method -->
              <div class="configuration-method after">
                <span class="method-name">afterEachTestMethod([TestResult name=footerWeeklyAdsCheckTest status=SUCCESS method=localStorePageTest.footerWeeklyAdsCh...)</span>
                <span class="method-start">371290 ms</span>
              </div> <!-- configuration-method after -->
              <div class="configuration-method after">
                <span class="method-name">cleanUp</span>
                <span class="method-start">373478 ms</span>
              </div> <!-- configuration-method after -->
              <div class="configuration-method before">
                <span class="method-name">setUp(false, browserStack, windows, 10, chrome, 86, https://www.walmart.com/)</span>
                <span class="method-start">373479 ms</span>
              </div> <!-- configuration-method before -->
              <div class="configuration-method before">
                <span class="method-name">startExtent(public void testLocalStorePage.localStorePageTest.getDirectionTest())</span>
                <span class="method-start">385378 ms</span>
              </div> <!-- configuration-method before -->
              <div class="configuration-method before">
                <span class="method-name">getInit</span>
                <span class="method-start">385379 ms</span>
              </div> <!-- configuration-method before -->
              <div class="test-method">
                <span class="method-name">getDirectionTest</span>
                <span class="method-start">390698 ms</span>
              </div> <!-- test-method -->
              <div class="configuration-method after">
                <span class="method-name">afterEachTestMethod([TestResult name=getDirectionTest status=SUCCESS method=localStorePageTest.getDirectionTest()[pri:0,...)</span>
                <span class="method-start">397027 ms</span>
              </div> <!-- configuration-method after -->
              <div class="configuration-method after">
                <span class="method-name">cleanUp</span>
                <span class="method-start">400362 ms</span>
              </div> <!-- configuration-method after -->
              <div class="configuration-method before">
                <span class="method-name">setUp(false, browserStack, windows, 10, chrome, 86, https://www.walmart.com/)</span>
                <span class="method-start">400364 ms</span>
              </div> <!-- configuration-method before -->
              <div class="configuration-method before">
                <span class="method-name">startExtent(public void testLocalStorePage.localStorePageTest.learnAboutWalmartPlusTest())</span>
                <span class="method-start">410623 ms</span>
              </div> <!-- configuration-method before -->
              <div class="configuration-method before">
                <span class="method-name">getInit</span>
                <span class="method-start">410624 ms</span>
              </div> <!-- configuration-method before -->
              <div class="test-method">
                <span class="method-name">learnAboutWalmartPlusTest</span>
                <span class="method-start">415648 ms</span>
              </div> <!-- test-method -->
              <div class="configuration-method after">
                <span class="method-name">afterEachTestMethod([TestResult name=learnAboutWalmartPlusTest status=SUCCESS method=localStorePageTest.learnAboutWalmar...)</span>
                <span class="method-start">421024 ms</span>
              </div> <!-- configuration-method after -->
              <div class="configuration-method after">
                <span class="method-name">cleanUp</span>
                <span class="method-start">423362 ms</span>
              </div> <!-- configuration-method after -->
              <div class="configuration-method before">
                <span class="method-name">setUp(false, browserStack, windows, 10, chrome, 86, https://www.walmart.com/)</span>
                <span class="method-start">423364 ms</span>
              </div> <!-- configuration-method before -->
              <div class="configuration-method before">
                <span class="method-name">startExtent(public void testLocalStorePage.localStorePageTest.makeThisMyStoreTest())</span>
                <span class="method-start">433820 ms</span>
              </div> <!-- configuration-method before -->
              <div class="configuration-method before">
                <span class="method-name">getInit</span>
                <span class="method-start">433821 ms</span>
              </div> <!-- configuration-method before -->
              <div class="test-method">
                <span class="method-name">makeThisMyStoreTest</span>
                <span class="method-start">440434 ms</span>
              </div> <!-- test-method -->
              <div class="configuration-method after">
                <span class="method-name">afterEachTestMethod([TestResult name=makeThisMyStoreTest status=SUCCESS method=localStorePageTest.makeThisMyStoreTest()[...)</span>
                <span class="method-start">445535 ms</span>
              </div> <!-- configuration-method after -->
              <div class="configuration-method after">
                <span class="method-name">cleanUp</span>
                <span class="method-start">447761 ms</span>
              </div> <!-- configuration-method after -->
              <div class="configuration-method before">
                <span class="method-name">setUp(false, browserStack, windows, 10, chrome, 86, https://www.walmart.com/)</span>
                <span class="method-start">447764 ms</span>
              </div> <!-- configuration-method before -->
              <div class="configuration-method before">
                <span class="method-name">startExtent(public void testLocalStorePage.localStorePageTest.navigateToLocalStoreTest())</span>
                <span class="method-start">456460 ms</span>
              </div> <!-- configuration-method before -->
              <div class="configuration-method before">
                <span class="method-name">getInit</span>
                <span class="method-start">456461 ms</span>
              </div> <!-- configuration-method before -->
              <div class="test-method">
                <span class="method-name">navigateToLocalStoreTest</span>
                <span class="method-start">463951 ms</span>
              </div> <!-- test-method -->
              <div class="configuration-method after">
                <span class="method-name">afterEachTestMethod([TestResult name=navigateToLocalStoreTest status=SUCCESS method=localStorePageTest.navigateToLocalSt...)</span>
                <span class="method-start">464010 ms</span>
              </div> <!-- configuration-method after -->
              <div class="configuration-method after">
                <span class="method-name">cleanUp</span>
                <span class="method-start">465751 ms</span>
              </div> <!-- configuration-method after -->
              <div class="configuration-method before">
                <span class="method-name">setUp(false, browserStack, windows, 10, chrome, 86, https://www.walmart.com/)</span>
                <span class="method-start">465751 ms</span>
              </div> <!-- configuration-method before -->
              <div class="configuration-method before">
                <span class="method-name">startExtent(public void testLocalStorePage.localStorePageTest.newsAndEventsTest())</span>
                <span class="method-start">476005 ms</span>
              </div> <!-- configuration-method before -->
              <div class="configuration-method before">
                <span class="method-name">getInit</span>
                <span class="method-start">476006 ms</span>
              </div> <!-- configuration-method before -->
              <div class="test-method">
                <span class="method-name">newsAndEventsTest</span>
                <span class="method-start">481010 ms</span>
              </div> <!-- test-method -->
              <div class="configuration-method after">
                <span class="method-name">afterEachTestMethod([TestResult name=newsAndEventsTest status=SUCCESS method=localStorePageTest.newsAndEventsTest()[pri:...)</span>
                <span class="method-start">490247 ms</span>
              </div> <!-- configuration-method after -->
              <div class="configuration-method after">
                <span class="method-name">cleanUp</span>
                <span class="method-start">492038 ms</span>
              </div> <!-- configuration-method after -->
              <div class="configuration-method before">
                <span class="method-name">setUp(false, browserStack, windows, 10, chrome, 86, https://www.walmart.com/)</span>
                <span class="method-start">492040 ms</span>
              </div> <!-- configuration-method before -->
              <div class="configuration-method before">
                <span class="method-name">startExtent(public void testLocalStorePage.localStorePageTest.openHoursTest())</span>
                <span class="method-start">501073 ms</span>
              </div> <!-- configuration-method before -->
              <div class="configuration-method before">
                <span class="method-name">getInit</span>
                <span class="method-start">501073 ms</span>
              </div> <!-- configuration-method before -->
              <div class="test-method">
                <img src="failed.png">
                </img>
                <span class="method-name">openHoursTest</span>
                <span class="method-start">507134 ms</span>
              </div> <!-- test-method -->
              <div class="configuration-method after">
                <span class="method-name">afterEachTestMethod([TestResult name=openHoursTest status=FAILURE method=localStorePageTest.openHoursTest()[pri:0, insta...)</span>
                <span class="method-start">527351 ms</span>
              </div> <!-- configuration-method after -->
              <div class="configuration-method after">
                <span class="method-name">cleanUp</span>
                <span class="method-start">529029 ms</span>
              </div> <!-- configuration-method after -->
              <div class="configuration-method before">
                <span class="method-name">setUp(false, browserStack, windows, 10, chrome, 86, https://www.walmart.com/)</span>
                <span class="method-start">529032 ms</span>
              </div> <!-- configuration-method before -->
              <div class="configuration-method before">
                <span class="method-name">startExtent(public void testLocalStorePage.localStorePageTest.pharmacyDropDownTest())</span>
                <span class="method-start">539155 ms</span>
              </div> <!-- configuration-method before -->
              <div class="configuration-method before">
                <span class="method-name">getInit</span>
                <span class="method-start">539156 ms</span>
              </div> <!-- configuration-method before -->
              <div class="test-method">
                <img src="failed.png">
                </img>
                <span class="method-name">pharmacyDropDownTest</span>
                <span class="method-start">545203 ms</span>
              </div> <!-- test-method -->
              <div class="configuration-method after">
                <span class="method-name">afterEachTestMethod([TestResult name=pharmacyDropDownTest status=FAILURE method=localStorePageTest.pharmacyDropDownTest(...)</span>
                <span class="method-start">546889 ms</span>
              </div> <!-- configuration-method after -->
              <div class="configuration-method after">
                <span class="method-name">cleanUp</span>
                <span class="method-start">551312 ms</span>
              </div> <!-- configuration-method after -->
              <div class="configuration-method before">
                <span class="method-name">setUp(false, browserStack, windows, 10, chrome, 86, https://www.walmart.com/)</span>
                <span class="method-start">551314 ms</span>
              </div> <!-- configuration-method before -->
              <div class="configuration-method before">
                <span class="method-name">startExtent(public void testLocalStorePage.localStorePageTest.productRecallTest())</span>
                <span class="method-start">562726 ms</span>
              </div> <!-- configuration-method before -->
              <div class="configuration-method before">
                <span class="method-name">getInit</span>
                <span class="method-start">562726 ms</span>
              </div> <!-- configuration-method before -->
              <div class="test-method">
                <span class="method-name">productRecallTest</span>
                <span class="method-start">567794 ms</span>
              </div> <!-- test-method -->
              <div class="configuration-method after">
                <span class="method-name">afterEachTestMethod([TestResult name=productRecallTest status=SUCCESS method=localStorePageTest.productRecallTest()[pri:...)</span>
                <span class="method-start">573380 ms</span>
              </div> <!-- configuration-method after -->
              <div class="configuration-method after">
                <span class="method-name">cleanUp</span>
                <span class="method-start">575402 ms</span>
              </div> <!-- configuration-method after -->
              <div class="configuration-method before">
                <span class="method-name">setUp(false, browserStack, windows, 10, chrome, 86, https://www.walmart.com/)</span>
                <span class="method-start">575402 ms</span>
              </div> <!-- configuration-method before -->
              <div class="configuration-method before">
                <span class="method-name">startExtent(public void testLocalStorePage.localStorePageTest.searchStoreTest())</span>
                <span class="method-start">583252 ms</span>
              </div> <!-- configuration-method before -->
              <div class="configuration-method before">
                <span class="method-name">getInit</span>
                <span class="method-start">583253 ms</span>
              </div> <!-- configuration-method before -->
              <div class="test-method">
                <span class="method-name">searchStoreTest</span>
                <span class="method-start">588265 ms</span>
              </div> <!-- test-method -->
              <div class="configuration-method after">
                <span class="method-name">afterEachTestMethod([TestResult name=searchStoreTest status=SUCCESS method=localStorePageTest.searchStoreTest()[pri:0, i...)</span>
                <span class="method-start">593261 ms</span>
              </div> <!-- configuration-method after -->
              <div class="configuration-method after">
                <span class="method-name">cleanUp</span>
                <span class="method-start">596199 ms</span>
              </div> <!-- configuration-method after -->
              <div class="configuration-method before">
                <span class="method-name">setUp(false, browserStack, windows, 10, chrome, 86, https://www.walmart.com/)</span>
                <span class="method-start">596199 ms</span>
              </div> <!-- configuration-method before -->
              <div class="configuration-method before">
                <span class="method-name">startExtent(public void testLocalStorePage.localStorePageTest.submitComplaintTest())</span>
                <span class="method-start">606007 ms</span>
              </div> <!-- configuration-method before -->
              <div class="configuration-method before">
                <span class="method-name">getInit</span>
                <span class="method-start">606007 ms</span>
              </div> <!-- configuration-method before -->
              <div class="test-method">
                <span class="method-name">submitComplaintTest</span>
                <span class="method-start">611266 ms</span>
              </div> <!-- test-method -->
              <div class="configuration-method after">
                <span class="method-name">afterEachTestMethod([TestResult name=submitComplaintTest status=SUCCESS method=localStorePageTest.submitComplaintTest()[...)</span>
                <span class="method-start">621183 ms</span>
              </div> <!-- configuration-method after -->
              <div class="configuration-method after">
                <span class="method-name">cleanUp</span>
                <span class="method-start">622984 ms</span>
              </div> <!-- configuration-method after -->
              <div class="configuration-method before">
                <span class="method-name">setUp(false, browserStack, windows, 10, chrome, 86, https://www.walmart.com/)</span>
                <span class="method-start">622984 ms</span>
              </div> <!-- configuration-method before -->
              <div class="configuration-method before">
                <span class="method-name">startExtent(public void testLocalStorePage.localStorePageTest.trackOrderTest())</span>
                <span class="method-start">633016 ms</span>
              </div> <!-- configuration-method before -->
              <div class="configuration-method before">
                <span class="method-name">getInit</span>
                <span class="method-start">633017 ms</span>
              </div> <!-- configuration-method before -->
              <div class="test-method">
                <img src="failed.png">
                </img>
                <span class="method-name">trackOrderTest</span>
                <span class="method-start">639228 ms</span>
              </div> <!-- test-method -->
              <div class="configuration-method after">
                <span class="method-name">afterEachTestMethod([TestResult name=trackOrderTest status=FAILURE method=localStorePageTest.trackOrderTest()[pri:0, ins...)</span>
                <span class="method-start">662497 ms</span>
              </div> <!-- configuration-method after -->
              <div class="configuration-method after">
                <span class="method-name">cleanUp</span>
                <span class="method-start">664938 ms</span>
              </div> <!-- configuration-method after -->
              <div class="configuration-method before">
                <span class="method-name">setUp(false, browserStack, windows, 10, chrome, 86, https://www.walmart.com/)</span>
                <span class="method-start">664938 ms</span>
              </div> <!-- configuration-method before -->
              <div class="configuration-method before">
                <span class="method-name">startExtent(public void testLocalStorePage.localStorePageTest.wPlusPageTest())</span>
                <span class="method-start">676710 ms</span>
              </div> <!-- configuration-method before -->
              <div class="configuration-method before">
                <span class="method-name">getInit</span>
                <span class="method-start">676710 ms</span>
              </div> <!-- configuration-method before -->
              <div class="test-method">
                <span class="method-name">wPlusPageTest</span>
                <span class="method-start">683260 ms</span>
              </div> <!-- test-method -->
              <div class="configuration-method after">
                <span class="method-name">afterEachTestMethod([TestResult name=wPlusPageTest status=SUCCESS method=localStorePageTest.wPlusPageTest()[pri:0, insta...)</span>
                <span class="method-start">700682 ms</span>
              </div> <!-- configuration-method after -->
              <div class="configuration-method after">
                <span class="method-name">cleanUp</span>
                <span class="method-start">702217 ms</span>
              </div> <!-- configuration-method after -->
              <div class="configuration-suite after">
                <span class="method-name">generateReport</span>
                <span class="method-start">702389 ms</span>
              </div> <!-- configuration-suite after -->
          </div> <!-- main-panel-content rounded-window-bottom -->
        </div> <!-- panel -->
      </div> <!-- main-panel-root -->
    </div> <!-- wrapper -->
  </body>
</html>
