<!DOCTYPE html>

<html>
  <head>
  <meta charset='utf-8'>
  <title>TestNG reports</title>

    <link type="text/css" href="testng-reports.css" rel="stylesheet" />
    <script type="text/javascript" src="jquery-3.4.1.min.js"></script>
    <script type="text/javascript" src="testng-reports.js"></script>
    <script type="text/javascript" src="https://www.google.com/jsapi"></script>
    <script type='text/javascript'>
      google.load('visualization', '1', {packages:['table']});
      google.setOnLoadCallback(drawTable);
      var suiteTableInitFunctions = new Array();
      var suiteTableData = new Array();
    </script>
    <!--
      <script type="text/javascript" src="jquery-ui/js/jquery-ui-1.8.16.custom.min.js"></script>
     -->
  </head>

  <body>
    <div class="top-banner-root">
      <span class="top-banner-title-font">Test results</span>
      <br/>
      <span class="top-banner-font-1">1 suite, 8 failed tests</span>
    </div> <!-- top-banner-root -->
    <div class="navigator-root">
      <div class="navigator-suite-header">
        <span>All suites</span>
        <a href="#" title="Collapse/expand all the suites" class="collapse-all-link">
          <img src="collapseall.gif" class="collapse-all-icon">
          </img> <!-- collapse-all-icon -->
        </a> <!-- collapse-all-link -->
      </div> <!-- navigator-suite-header -->
      <div class="suite">
        <div class="rounded-window">
          <div class="suite-header light-rounded-window-top">
            <a href="#" panel-name="suite-TestSuit" class="navigator-link">
              <span class="suite-name border-failed">TestSuit</span>
            </a> <!-- navigator-link -->
          </div> <!-- suite-header light-rounded-window-top -->
          <div class="navigator-suite-content">
            <div class="suite-section-title">
              <span>Info</span>
            </div> <!-- suite-section-title -->
            <div class="suite-section-content">
              <ul>
                <li>
                  <a href="#" panel-name="test-xml-TestSuit" class="navigator-link ">
                    <span>C:\Users\alaed\IdeaProjects\WebAutomation_Team2\BankOfAmerica\target\test-classes\BOATestRunner.xml</span>
                  </a> <!-- navigator-link  -->
                </li>
                <li>
                  <a href="#" panel-name="testlist-TestSuit" class="navigator-link ">
                    <span class="test-stats">1 test</span>
                  </a> <!-- navigator-link  -->
                </li>
                <li>
                  <a href="#" panel-name="group-TestSuit" class="navigator-link ">
                    <span>0 groups</span>
                  </a> <!-- navigator-link  -->
                </li>
                <li>
                  <a href="#" panel-name="times-TestSuit" class="navigator-link ">
                    <span>Times</span>
                  </a> <!-- navigator-link  -->
                </li>
                <li>
                  <a href="#" panel-name="reporter-TestSuit" class="navigator-link ">
                    <span>Reporter output</span>
                  </a> <!-- navigator-link  -->
                </li>
                <li>
                  <a href="#" panel-name="ignored-methods-TestSuit" class="navigator-link ">
                    <span>Ignored methods</span>
                  </a> <!-- navigator-link  -->
                </li>
                <li>
                  <a href="#" panel-name="chronological-TestSuit" class="navigator-link ">
                    <span>Chronological view</span>
                  </a> <!-- navigator-link  -->
                </li>
              </ul>
            </div> <!-- suite-section-content -->
            <div class="result-section">
              <div class="suite-section-title">
                <span>Results</span>
              </div> <!-- suite-section-title -->
              <div class="suite-section-content">
                <ul>
                  <li>
                    <span class="method-stats">16 methods, 8 failed,   8 passed</span>
                  </li>
                  <li>
                    <span class="method-list-title failed">Failed methods</span>
                    <span class="show-or-hide-methods failed">
                      <a href="#" panel-name="suite-TestSuit" class="hide-methods failed suite-TestSuit"> (hide)</a> <!-- hide-methods failed suite-TestSuit -->
                      <a href="#" panel-name="suite-TestSuit" class="show-methods failed suite-TestSuit"> (show)</a> <!-- show-methods failed suite-TestSuit -->
                    </span>
                    <div class="method-list-content failed suite-TestSuit">
                      <span>
                        <img src="failed.png" width="3%"/>
                        <a href="#" panel-name="suite-TestSuit" title="bancofamericamuseumTest.BOATest" class="method navigator-link" hash-for-method="LocationByFilters">LocationByFilters</a> <!-- method navigator-link -->
                      </span>
                      <br/>
                      <span>
                        <img src="failed.png" width="3%"/>
                        <a href="#" panel-name="suite-TestSuit" title="bancofamericamuseumTest.BOATest" class="method navigator-link" hash-for-method="LocationPage">LocationPage</a> <!-- method navigator-link -->
                      </span>
                      <br/>
                      <span>
                        <img src="failed.png" width="3%"/>
                        <a href="#" panel-name="suite-TestSuit" title="bancofamericamuseumTest.BOATest" class="method navigator-link" hash-for-method="calculateCostDeptFunctions">calculateCostDeptFunctions</a> <!-- method navigator-link -->
                      </span>
                      <br/>
                      <span>
                        <img src="failed.png" width="3%"/>
                        <a href="#" panel-name="suite-TestSuit" title="bancofamericamuseumTest.BOATest" class="method navigator-link" hash-for-method="chatBoxFunction">chatBoxFunction</a> <!-- method navigator-link -->
                      </span>
                      <br/>
                      <span>
                        <img src="failed.png" width="3%"/>
                        <a href="#" panel-name="suite-TestSuit" title="bancofamericamuseumTest.BOATest" class="method navigator-link" hash-for-method="closeFilterFunctions">closeFilterFunctions</a> <!-- method navigator-link -->
                      </span>
                      <br/>
                      <span>
                        <img src="failed.png" width="3%"/>
                        <a href="#" panel-name="suite-TestSuit" title="bancofamericamuseumTest.BOATest" class="method navigator-link" hash-for-method="investingMerrillHomePage">investingMerrillHomePage</a> <!-- method navigator-link -->
                      </span>
                      <br/>
                      <span>
                        <img src="failed.png" width="3%"/>
                        <a href="#" panel-name="suite-TestSuit" title="bancofamericamuseumTest.BOATest" class="method navigator-link" hash-for-method="merrillGuideAdviser">merrillGuideAdviser</a> <!-- method navigator-link -->
                      </span>
                      <br/>
                      <span>
                        <img src="failed.png" width="3%"/>
                        <a href="#" panel-name="suite-TestSuit" title="bancofamericamuseumTest.BOATest" class="method navigator-link" hash-for-method="sendMessageIntoChatBox">sendMessageIntoChatBox</a> <!-- method navigator-link -->
                      </span>
                      <br/>
                    </div> <!-- method-list-content failed suite-TestSuit -->
                  </li>
                  <li>
                    <span class="method-list-title passed">Passed methods</span>
                    <span class="show-or-hide-methods passed">
                      <a href="#" panel-name="suite-TestSuit" class="hide-methods passed suite-TestSuit"> (hide)</a> <!-- hide-methods passed suite-TestSuit -->
                      <a href="#" panel-name="suite-TestSuit" class="show-methods passed suite-TestSuit"> (show)</a> <!-- show-methods passed suite-TestSuit -->
                    </span>
                    <div class="method-list-content passed suite-TestSuit">
                      <span>
                        <img src="passed.png" width="3%"/>
                        <a href="#" panel-name="suite-TestSuit" title="bancofamericamuseumTest.BOATest" class="method navigator-link" hash-for-method="BOAHomePage">BOAHomePage</a> <!-- method navigator-link -->
                      </span>
                      <br/>
                      <span>
                        <img src="passed.png" width="3%"/>
                        <a href="#" panel-name="suite-TestSuit" title="bancofamericamuseumTest.BOATest" class="method navigator-link" hash-for-method="PlayReinventingVideoMerrill">PlayReinventingVideoMerrill</a> <!-- method navigator-link -->
                      </span>
                      <br/>
                      <span>
                        <img src="passed.png" width="3%"/>
                        <a href="#" panel-name="suite-TestSuit" title="bancofamericamuseumTest.BOATest" class="method navigator-link" hash-for-method="SearchBox">SearchBox</a> <!-- method navigator-link -->
                      </span>
                      <br/>
                      <span>
                        <img src="passed.png" width="3%"/>
                        <a href="#" panel-name="suite-TestSuit" title="bancofamericamuseumTest.BOATest" class="method navigator-link" hash-for-method="checkNearMeButtonMap">checkNearMeButtonMap</a> <!-- method navigator-link -->
                      </span>
                      <br/>
                      <span>
                        <img src="passed.png" width="3%"/>
                        <a href="#" panel-name="suite-TestSuit" title="bancofamericamuseumTest.BOATest" class="method navigator-link" hash-for-method="findLocationByState">findLocationByState</a> <!-- method navigator-link -->
                      </span>
                      <br/>
                      <span>
                        <img src="passed.png" width="3%"/>
                        <a href="#" panel-name="suite-TestSuit" title="bancofamericamuseumTest.BOATest" class="method navigator-link" hash-for-method="openFilterFunctions">openFilterFunctions</a> <!-- method navigator-link -->
                      </span>
                      <br/>
                      <span>
                        <img src="passed.png" width="3%"/>
                        <a href="#" panel-name="suite-TestSuit" title="bancofamericamuseumTest.BOATest" class="method navigator-link" hash-for-method="personalFinanceFunctions">personalFinanceFunctions</a> <!-- method navigator-link -->
                      </span>
                      <br/>
                      <span>
                        <img src="passed.png" width="3%"/>
                        <a href="#" panel-name="suite-TestSuit" title="bancofamericamuseumTest.BOATest" class="method navigator-link" hash-for-method="validateTheLocationInMap">validateTheLocationInMap</a> <!-- method navigator-link -->
                      </span>
                      <br/>
                    </div> <!-- method-list-content passed suite-TestSuit -->
                  </li>
                </ul>
              </div> <!-- suite-section-content -->
            </div> <!-- result-section -->
          </div> <!-- navigator-suite-content -->
        </div> <!-- rounded-window -->
      </div> <!-- suite -->
    </div> <!-- navigator-root -->
    <div class="wrapper">
      <div class="main-panel-root">
        <div panel-name="suite-TestSuit" class="panel TestSuit">
          <div class="suite-TestSuit-class-failed">
            <div class="main-panel-header rounded-window-top">
              <img src="failed.png"/>
              <span class="class-name">bancofamericamuseumTest.BOATest</span>
            </div> <!-- main-panel-header rounded-window-top -->
            <div class="main-panel-content rounded-window-bottom">
              <div class="method">
                <div class="method-content">
                  <a name="LocationByFilters">
                  </a> <!-- LocationByFilters -->
                  <span class="method-name">LocationByFilters</span>
                  <div class="stack-trace">org.openqa.selenium.ElementClickInterceptedException: element click intercepted: Element &lt;a id=&quot;footer_bofa_locations&quot; href=&quot;https://locators.bankofamerica.com/&quot;&gt;...&lt;/a&gt; is not clickable at point (110, 922). Other element would receive the click: &lt;a id=&quot;AMT2HXAC&quot; href=&quot;https://about.bankofamerica.com/promo/assistance/latest-updates-from-bank-of-america-coronavirus/?cm_sp=EBZ-BAC-Announcement-_-BACAnnouncement-_-AMT2HXAC01_Engagement_Banner_CV_Payments_ShowToAll_EB_cvStimulusHlCta&quot; class=&quot;engagement-banner-link&quot;&gt;...&lt;/a&gt;
  (Session info: chrome=87.0.4280.66)
Build info: version: &apos;3.141.59&apos;, revision: &apos;e82be7d358&apos;, time: &apos;2018-11-14T08:17:03&apos;
System info: host: &apos;LAPTOP-8DAJPHUM&apos;, ip: &apos;192.168.0.4&apos;, os.name: &apos;Windows 10&apos;, os.arch: &apos;amd64&apos;, os.version: &apos;10.0&apos;, java.version: &apos;11.0.8&apos;
Driver info: org.openqa.selenium.chrome.ChromeDriver
Capabilities {acceptInsecureCerts: false, browserName: chrome, browserVersion: 87.0.4280.66, chrome: {chromedriverVersion: 86.0.4240.22 (398b0743353ff..., userDataDir: C:\Users\alaed\AppData\Loca...}, goog:chromeOptions: {debuggerAddress: localhost:52917}, javascriptEnabled: true, networkConnectionEnabled: false, pageLoadStrategy: normal, platform: WINDOWS, platformName: WINDOWS, proxy: Proxy(), setWindowRect: true, strictFileInteractability: false, timeouts: {implicit: 0, pageLoad: 300000, script: 30000}, unhandledPromptBehavior: dismiss and notify, webauthn:virtualAuthenticators: true}
Session ID: 3b1156899b3b1314f4ae62beaf0303ec
	at org.openqa.selenium.remote.http.W3CHttpResponseCodec.createException(W3CHttpResponseCodec.java:187)
	at org.openqa.selenium.remote.http.W3CHttpResponseCodec.decode(W3CHttpResponseCodec.java:122)
	at org.openqa.selenium.remote.http.W3CHttpResponseCodec.decode(W3CHttpResponseCodec.java:49)
	at org.openqa.selenium.remote.HttpCommandExecutor.execute(HttpCommandExecutor.java:158)
	at org.openqa.selenium.remote.service.DriverCommandExecutor.execute(DriverCommandExecutor.java:83)
	at org.openqa.selenium.remote.RemoteWebDriver.execute(RemoteWebDriver.java:552)
	at org.openqa.selenium.remote.RemoteWebElement.execute(RemoteWebElement.java:285)
	at org.openqa.selenium.remote.RemoteWebElement.click(RemoteWebElement.java:84)
	at org.openqa.selenium.support.pagefactory.internal.LocatingElementHandler.invoke(LocatingElementHandler.java:51)
	at com.sun.proxy.$Proxy14.click(Unknown Source)
	at bankofamericamuseum.BOAHmePage.searchLocationUsingFilters(BOAHmePage.java:123)
	at bancofamericamuseumTest.BOATest.LocationByFilters(BOATest.java:57)
	at java.base/java.util.ArrayList.forEach(ArrayList.java:1541)
... Removed 39 stack frames
</div> <!-- stack-trace -->
                </div> <!-- method-content -->
              </div> <!-- method -->
              <div class="method">
                <div class="method-content">
                  <a name="LocationPage">
                  </a> <!-- LocationPage -->
                  <span class="method-name">LocationPage</span>
                  <div class="stack-trace">org.openqa.selenium.ElementClickInterceptedException: element click intercepted: Element &lt;a id=&quot;footer_bofa_locations&quot; href=&quot;https://locators.bankofamerica.com/&quot;&gt;...&lt;/a&gt; is not clickable at point (110, 922). Other element would receive the click: &lt;a id=&quot;AMT2HXAC&quot; href=&quot;https://about.bankofamerica.com/promo/assistance/latest-updates-from-bank-of-america-coronavirus/?cm_sp=EBZ-BAC-Announcement-_-BACAnnouncement-_-AMT2HXAC01_Engagement_Banner_CV_Payments_ShowToAll_EB_cvStimulusHlCta&quot; class=&quot;engagement-banner-link&quot;&gt;...&lt;/a&gt;
  (Session info: chrome=87.0.4280.66)
Build info: version: &apos;3.141.59&apos;, revision: &apos;e82be7d358&apos;, time: &apos;2018-11-14T08:17:03&apos;
System info: host: &apos;LAPTOP-8DAJPHUM&apos;, ip: &apos;192.168.0.4&apos;, os.name: &apos;Windows 10&apos;, os.arch: &apos;amd64&apos;, os.version: &apos;10.0&apos;, java.version: &apos;11.0.8&apos;
Driver info: org.openqa.selenium.chrome.ChromeDriver
Capabilities {acceptInsecureCerts: false, browserName: chrome, browserVersion: 87.0.4280.66, chrome: {chromedriverVersion: 86.0.4240.22 (398b0743353ff..., userDataDir: C:\Users\alaed\AppData\Loca...}, goog:chromeOptions: {debuggerAddress: localhost:52964}, javascriptEnabled: true, networkConnectionEnabled: false, pageLoadStrategy: normal, platform: WINDOWS, platformName: WINDOWS, proxy: Proxy(), setWindowRect: true, strictFileInteractability: false, timeouts: {implicit: 0, pageLoad: 300000, script: 30000}, unhandledPromptBehavior: dismiss and notify, webauthn:virtualAuthenticators: true}
Session ID: 4c0ccf94f9a4ac493e503cc845432c2d
	at org.openqa.selenium.remote.http.W3CHttpResponseCodec.createException(W3CHttpResponseCodec.java:187)
	at org.openqa.selenium.remote.http.W3CHttpResponseCodec.decode(W3CHttpResponseCodec.java:122)
	at org.openqa.selenium.remote.http.W3CHttpResponseCodec.decode(W3CHttpResponseCodec.java:49)
	at org.openqa.selenium.remote.HttpCommandExecutor.execute(HttpCommandExecutor.java:158)
	at org.openqa.selenium.remote.service.DriverCommandExecutor.execute(DriverCommandExecutor.java:83)
	at org.openqa.selenium.remote.RemoteWebDriver.execute(RemoteWebDriver.java:552)
	at org.openqa.selenium.remote.RemoteWebElement.execute(RemoteWebElement.java:285)
	at org.openqa.selenium.remote.RemoteWebElement.click(RemoteWebElement.java:84)
	at org.openqa.selenium.support.pagefactory.internal.LocatingElementHandler.invoke(LocatingElementHandler.java:51)
	at com.sun.proxy.$Proxy14.click(Unknown Source)
	at bankofamericamuseum.BOAHmePage.navigateToLocationPage(BOAHmePage.java:106)
	at bancofamericamuseumTest.BOATest.LocationPage(BOATest.java:21)
	at java.base/java.util.ArrayList.forEach(ArrayList.java:1541)
... Removed 39 stack frames
</div> <!-- stack-trace -->
                </div> <!-- method-content -->
              </div> <!-- method -->
              <div class="method">
                <div class="method-content">
                  <a name="calculateCostDeptFunctions">
                  </a> <!-- calculateCostDeptFunctions -->
                  <span class="method-name">calculateCostDeptFunctions</span>
                  <div class="stack-trace">org.openqa.selenium.TimeoutException: Expected condition failed: waiting for element to be clickable: By.xpath: //*[@id=&quot;top&quot;]/div/div[1]/div/div[2] (tried for 15 second(s) with 500 milliseconds interval)
	at org.openqa.selenium.support.ui.WebDriverWait.timeoutException(WebDriverWait.java:95)
	at org.openqa.selenium.support.ui.FluentWait.until(FluentWait.java:272)
	at common.WebAPI.waitTimeExplicit(WebAPI.java:633)
	at bankofamericamuseum.BOAHmePage.CostOfDebtElements(BOAHmePage.java:301)
	at bancofamericamuseumTest.BOATest.calculateCostDeptFunctions(BOATest.java:92)
	at java.base/java.util.ArrayList.forEach(ArrayList.java:1541)
Caused by: org.openqa.selenium.NoSuchElementException: no such element: Unable to locate element: {&quot;method&quot;:&quot;xpath&quot;,&quot;selector&quot;:&quot;//*[@id=&quot;top&quot;]/div/div[1]/div/div[2]&quot;}
  (Session info: chrome=87.0.4280.66)
For documentation on this error, please visit: https://www.seleniumhq.org/exceptions/no_such_element.html
Build info: version: &apos;3.141.59&apos;, revision: &apos;e82be7d358&apos;, time: &apos;2018-11-14T08:17:03&apos;
System info: host: &apos;LAPTOP-8DAJPHUM&apos;, ip: &apos;192.168.0.4&apos;, os.name: &apos;Windows 10&apos;, os.arch: &apos;amd64&apos;, os.version: &apos;10.0&apos;, java.version: &apos;11.0.8&apos;
Driver info: org.openqa.selenium.chrome.ChromeDriver
Capabilities {acceptInsecureCerts: false, browserName: chrome, browserVersion: 87.0.4280.66, chrome: {chromedriverVersion: 86.0.4240.22 (398b0743353ff..., userDataDir: C:\Users\alaed\AppData\Loca...}, goog:chromeOptions: {debuggerAddress: localhost:53386}, javascriptEnabled: true, networkConnectionEnabled: false, pageLoadStrategy: normal, platform: WINDOWS, platformName: WINDOWS, proxy: Proxy(), setWindowRect: true, strictFileInteractability: false, timeouts: {implicit: 0, pageLoad: 300000, script: 30000}, unhandledPromptBehavior: dismiss and notify, webauthn:virtualAuthenticators: true}
Session ID: b1ff414b296f75018f731537a897150a
*** Element info: {Using=xpath, value=//*[@id=&quot;top&quot;]/div/div[1]/div/div[2]}
	at org.openqa.selenium.remote.http.W3CHttpResponseCodec.createException(W3CHttpResponseCodec.java:187)
	at org.openqa.selenium.remote.http.W3CHttpResponseCodec.decode(W3CHttpResponseCodec.java:122)
	at org.openqa.selenium.remote.http.W3CHttpResponseCodec.decode(W3CHttpResponseCodec.java:49)
	at org.openqa.selenium.remote.HttpCommandExecutor.execute(HttpCommandExecutor.java:158)
	at org.openqa.selenium.remote.service.DriverCommandExecutor.execute(DriverCommandExecutor.java:83)
	at org.openqa.selenium.remote.RemoteWebDriver.execute(RemoteWebDriver.java:552)
	at org.openqa.selenium.remote.RemoteWebDriver.findElement(RemoteWebDriver.java:323)
	at org.openqa.selenium.remote.RemoteWebDriver.findElementByXPath(RemoteWebDriver.java:428)
	at org.openqa.selenium.By$ByXPath.findElement(By.java:353)
	at org.openqa.selenium.remote.RemoteWebDriver.findElement(RemoteWebDriver.java:315)
	at org.openqa.selenium.support.ui.ExpectedConditions$7.apply(ExpectedConditions.java:205)
	at org.openqa.selenium.support.ui.ExpectedConditions$7.apply(ExpectedConditions.java:201)
	at org.openqa.selenium.support.ui.ExpectedConditions$22.apply(ExpectedConditions.java:641)
	at org.openqa.selenium.support.ui.ExpectedConditions$22.apply(ExpectedConditions.java:638)
	at org.openqa.selenium.support.ui.FluentWait.until(FluentWait.java:249)
	... 35 more
... Removed 35 stack frames
</div> <!-- stack-trace -->
                </div> <!-- method-content -->
              </div> <!-- method -->
              <div class="method">
                <div class="method-content">
                  <a name="chatBoxFunction">
                  </a> <!-- chatBoxFunction -->
                  <span class="method-name">chatBoxFunction</span>
                  <div class="stack-trace">org.openqa.selenium.TimeoutException: Expected condition failed: waiting for visibility of element located by By.xpath: //*[@id=&apos;chatWidgetModule&apos;]/button[1] (tried for 8 second(s) with 500 milliseconds interval)
Build info: version: &apos;3.141.59&apos;, revision: &apos;e82be7d358&apos;, time: &apos;2018-11-14T08:17:03&apos;
System info: host: &apos;LAPTOP-8DAJPHUM&apos;, ip: &apos;192.168.0.4&apos;, os.name: &apos;Windows 10&apos;, os.arch: &apos;amd64&apos;, os.version: &apos;10.0&apos;, java.version: &apos;11.0.8&apos;
Driver info: org.openqa.selenium.chrome.ChromeDriver
Capabilities {acceptInsecureCerts: false, browserName: chrome, browserVersion: 87.0.4280.66, chrome: {chromedriverVersion: 86.0.4240.22 (398b0743353ff..., userDataDir: C:\Users\alaed\AppData\Loca...}, goog:chromeOptions: {debuggerAddress: localhost:53587}, javascriptEnabled: true, networkConnectionEnabled: false, pageLoadStrategy: normal, platform: WINDOWS, platformName: WINDOWS, proxy: Proxy(), setWindowRect: true, strictFileInteractability: false, timeouts: {implicit: 0, pageLoad: 300000, script: 30000}, unhandledPromptBehavior: dismiss and notify, webauthn:virtualAuthenticators: true}
Session ID: bfc51616a5290bf75023b61edc5b0553
	at org.openqa.selenium.support.ui.WebDriverWait.timeoutException(WebDriverWait.java:95)
	at org.openqa.selenium.support.ui.FluentWait.until(FluentWait.java:272)
	at bankofamericamuseum.BOAHmePage.chatBoxFunctionElement(BOAHmePage.java:250)
	at bancofamericamuseumTest.BOATest.chatBoxFunction(BOATest.java:77)
	at java.base/java.util.ArrayList.forEach(ArrayList.java:1541)
... Removed 31 stack frames
</div> <!-- stack-trace -->
                </div> <!-- method-content -->
              </div> <!-- method -->
              <div class="method">
                <div class="method-content">
                  <a name="closeFilterFunctions">
                  </a> <!-- closeFilterFunctions -->
                  <span class="method-name">closeFilterFunctions</span>
                  <div class="stack-trace">org.openqa.selenium.ElementClickInterceptedException: element click intercepted: Element &lt;a id=&quot;footer_bofa_locations&quot; href=&quot;https://locators.bankofamerica.com/&quot;&gt;...&lt;/a&gt; is not clickable at point (374, 913). Other element would receive the click: &lt;a id=&quot;AMT2HXAC&quot; href=&quot;https://about.bankofamerica.com/promo/assistance/latest-updates-from-bank-of-america-coronavirus/?cm_sp=EBZ-BAC-Announcement-_-BACAnnouncement-_-AMT2HXAC01_Engagement_Banner_CV_Payments_ShowToAll_EB_cvStimulusHlCta&quot; class=&quot;engagement-banner-link&quot;&gt;...&lt;/a&gt;
  (Session info: chrome=87.0.4280.66)
Build info: version: &apos;3.141.59&apos;, revision: &apos;e82be7d358&apos;, time: &apos;2018-11-14T08:17:03&apos;
System info: host: &apos;LAPTOP-8DAJPHUM&apos;, ip: &apos;192.168.0.4&apos;, os.name: &apos;Windows 10&apos;, os.arch: &apos;amd64&apos;, os.version: &apos;10.0&apos;, java.version: &apos;11.0.8&apos;
Driver info: org.openqa.selenium.chrome.ChromeDriver
Capabilities {acceptInsecureCerts: false, browserName: chrome, browserVersion: 87.0.4280.66, chrome: {chromedriverVersion: 86.0.4240.22 (398b0743353ff..., userDataDir: C:\Users\alaed\AppData\Loca...}, goog:chromeOptions: {debuggerAddress: localhost:53834}, javascriptEnabled: true, networkConnectionEnabled: false, pageLoadStrategy: normal, platform: WINDOWS, platformName: WINDOWS, proxy: Proxy(), setWindowRect: true, strictFileInteractability: false, timeouts: {implicit: 0, pageLoad: 300000, script: 30000}, unhandledPromptBehavior: dismiss and notify, webauthn:virtualAuthenticators: true}
Session ID: f2acf5f6b8f35879364e1bda6d75c41c
	at org.openqa.selenium.remote.http.W3CHttpResponseCodec.createException(W3CHttpResponseCodec.java:187)
	at org.openqa.selenium.remote.http.W3CHttpResponseCodec.decode(W3CHttpResponseCodec.java:122)
	at org.openqa.selenium.remote.http.W3CHttpResponseCodec.decode(W3CHttpResponseCodec.java:49)
	at org.openqa.selenium.remote.HttpCommandExecutor.execute(HttpCommandExecutor.java:158)
	at org.openqa.selenium.remote.service.DriverCommandExecutor.execute(DriverCommandExecutor.java:83)
	at org.openqa.selenium.remote.RemoteWebDriver.execute(RemoteWebDriver.java:552)
	at org.openqa.selenium.remote.RemoteWebElement.execute(RemoteWebElement.java:285)
	at org.openqa.selenium.remote.RemoteWebElement.click(RemoteWebElement.java:84)
	at org.openqa.selenium.support.pagefactory.internal.LocatingElementHandler.invoke(LocatingElementHandler.java:51)
	at com.sun.proxy.$Proxy14.click(Unknown Source)
	at bankofamericamuseum.BOAHmePage.closeFilterFunctions(BOAHmePage.java:150)
	at bancofamericamuseumTest.BOATest.closeFilterFunctions(BOATest.java:33)
	at java.base/java.util.ArrayList.forEach(ArrayList.java:1541)
... Removed 39 stack frames
</div> <!-- stack-trace -->
                </div> <!-- method-content -->
              </div> <!-- method -->
              <div class="method">
                <div class="method-content">
                  <a name="investingMerrillHomePage">
                  </a> <!-- investingMerrillHomePage -->
                  <span class="method-name">investingMerrillHomePage</span>
                  <div class="stack-trace">org.openqa.selenium.ElementClickInterceptedException: element click intercepted: Element &lt;a id=&quot;footer_bofa_locations&quot; href=&quot;https://locators.bankofamerica.com/&quot;&gt;...&lt;/a&gt; is not clickable at point (374, 915). Other element would receive the click: &lt;a id=&quot;AMT2HXAC&quot; href=&quot;https://about.bankofamerica.com/promo/assistance/latest-updates-from-bank-of-america-coronavirus/?cm_sp=EBZ-BAC-Announcement-_-BACAnnouncement-_-AMT2HXAC01_Engagement_Banner_CV_Payments_ShowToAll_EB_cvStimulusHlCta&quot; class=&quot;engagement-banner-link&quot;&gt;...&lt;/a&gt;
  (Session info: chrome=87.0.4280.66)
Build info: version: &apos;3.141.59&apos;, revision: &apos;e82be7d358&apos;, time: &apos;2018-11-14T08:17:03&apos;
System info: host: &apos;LAPTOP-8DAJPHUM&apos;, ip: &apos;192.168.0.4&apos;, os.name: &apos;Windows 10&apos;, os.arch: &apos;amd64&apos;, os.version: &apos;10.0&apos;, java.version: &apos;11.0.8&apos;
Driver info: org.openqa.selenium.chrome.ChromeDriver
Capabilities {acceptInsecureCerts: false, browserName: chrome, browserVersion: 87.0.4280.66, chrome: {chromedriverVersion: 86.0.4240.22 (398b0743353ff..., userDataDir: C:\Users\alaed\AppData\Loca...}, goog:chromeOptions: {debuggerAddress: localhost:54029}, javascriptEnabled: true, networkConnectionEnabled: false, pageLoadStrategy: normal, platform: WINDOWS, platformName: WINDOWS, proxy: Proxy(), setWindowRect: true, strictFileInteractability: false, timeouts: {implicit: 0, pageLoad: 300000, script: 30000}, unhandledPromptBehavior: dismiss and notify, webauthn:virtualAuthenticators: true}
Session ID: 089c12c2753d10a3c80a81229dd2fcb9
	at org.openqa.selenium.remote.http.W3CHttpResponseCodec.createException(W3CHttpResponseCodec.java:187)
	at org.openqa.selenium.remote.http.W3CHttpResponseCodec.decode(W3CHttpResponseCodec.java:122)
	at org.openqa.selenium.remote.http.W3CHttpResponseCodec.decode(W3CHttpResponseCodec.java:49)
	at org.openqa.selenium.remote.HttpCommandExecutor.execute(HttpCommandExecutor.java:158)
	at org.openqa.selenium.remote.service.DriverCommandExecutor.execute(DriverCommandExecutor.java:83)
	at org.openqa.selenium.remote.RemoteWebDriver.execute(RemoteWebDriver.java:552)
	at org.openqa.selenium.remote.RemoteWebElement.execute(RemoteWebElement.java:285)
	at org.openqa.selenium.remote.RemoteWebElement.click(RemoteWebElement.java:84)
	at org.openqa.selenium.support.pagefactory.internal.LocatingElementHandler.invoke(LocatingElementHandler.java:51)
	at com.sun.proxy.$Proxy14.click(Unknown Source)
	at bankofamericamuseum.BOAHmePage.merrillHomePage(BOAHmePage.java:203)
	at bancofamericamuseumTest.BOATest.investingMerrillHomePage(BOATest.java:62)
	at java.base/java.util.ArrayList.forEach(ArrayList.java:1541)
... Removed 38 stack frames
</div> <!-- stack-trace -->
                </div> <!-- method-content -->
              </div> <!-- method -->
              <div class="method">
                <div class="method-content">
                  <a name="merrillGuideAdviser">
                  </a> <!-- merrillGuideAdviser -->
                  <span class="method-name">merrillGuideAdviser</span>
                  <div class="stack-trace">org.openqa.selenium.ElementClickInterceptedException: element click intercepted: Element &lt;a id=&quot;footer_bofa_locations&quot; href=&quot;https://locators.bankofamerica.com/&quot;&gt;...&lt;/a&gt; is not clickable at point (374, 915). Other element would receive the click: &lt;a id=&quot;AMT2HXAC&quot; href=&quot;https://about.bankofamerica.com/promo/assistance/latest-updates-from-bank-of-america-coronavirus/?cm_sp=EBZ-BAC-Announcement-_-BACAnnouncement-_-AMT2HXAC01_Engagement_Banner_CV_Payments_ShowToAll_EB_cvStimulusHlCta&quot; class=&quot;engagement-banner-link&quot;&gt;...&lt;/a&gt;
  (Session info: chrome=87.0.4280.66)
Build info: version: &apos;3.141.59&apos;, revision: &apos;e82be7d358&apos;, time: &apos;2018-11-14T08:17:03&apos;
System info: host: &apos;LAPTOP-8DAJPHUM&apos;, ip: &apos;192.168.0.4&apos;, os.name: &apos;Windows 10&apos;, os.arch: &apos;amd64&apos;, os.version: &apos;10.0&apos;, java.version: &apos;11.0.8&apos;
Driver info: org.openqa.selenium.chrome.ChromeDriver
Capabilities {acceptInsecureCerts: false, browserName: chrome, browserVersion: 87.0.4280.66, chrome: {chromedriverVersion: 86.0.4240.22 (398b0743353ff..., userDataDir: C:\Users\alaed\AppData\Loca...}, goog:chromeOptions: {debuggerAddress: localhost:54100}, javascriptEnabled: true, networkConnectionEnabled: false, pageLoadStrategy: normal, platform: WINDOWS, platformName: WINDOWS, proxy: Proxy(), setWindowRect: true, strictFileInteractability: false, timeouts: {implicit: 0, pageLoad: 300000, script: 30000}, unhandledPromptBehavior: dismiss and notify, webauthn:virtualAuthenticators: true}
Session ID: a00fb2405c4142d9ca9ce771e5badce4
	at org.openqa.selenium.remote.http.W3CHttpResponseCodec.createException(W3CHttpResponseCodec.java:187)
	at org.openqa.selenium.remote.http.W3CHttpResponseCodec.decode(W3CHttpResponseCodec.java:122)
	at org.openqa.selenium.remote.http.W3CHttpResponseCodec.decode(W3CHttpResponseCodec.java:49)
	at org.openqa.selenium.remote.HttpCommandExecutor.execute(HttpCommandExecutor.java:158)
	at org.openqa.selenium.remote.service.DriverCommandExecutor.execute(DriverCommandExecutor.java:83)
	at org.openqa.selenium.remote.RemoteWebDriver.execute(RemoteWebDriver.java:552)
	at org.openqa.selenium.remote.RemoteWebElement.execute(RemoteWebElement.java:285)
	at org.openqa.selenium.remote.RemoteWebElement.click(RemoteWebElement.java:84)
	at org.openqa.selenium.support.pagefactory.internal.LocatingElementHandler.invoke(LocatingElementHandler.java:51)
	at com.sun.proxy.$Proxy14.click(Unknown Source)
	at bankofamericamuseum.BOAHmePage.merrillGuideAdviserElement(BOAHmePage.java:228)
	at bancofamericamuseumTest.BOATest.merrillGuideAdviser(BOATest.java:72)
	at java.base/java.util.ArrayList.forEach(ArrayList.java:1541)
... Removed 38 stack frames
</div> <!-- stack-trace -->
                </div> <!-- method-content -->
              </div> <!-- method -->
              <div class="method">
                <div class="method-content">
                  <a name="sendMessageIntoChatBox">
                  </a> <!-- sendMessageIntoChatBox -->
                  <span class="method-name">sendMessageIntoChatBox</span>
                  <div class="stack-trace">org.openqa.selenium.ElementClickInterceptedException: element click intercepted: Element &lt;a id=&quot;footer_bofa_locations&quot; href=&quot;https://locators.bankofamerica.com/&quot;&gt;...&lt;/a&gt; is not clickable at point (374, 914). Other element would receive the click: &lt;a id=&quot;AMT2HXAC&quot; href=&quot;https://about.bankofamerica.com/promo/assistance/latest-updates-from-bank-of-america-coronavirus/?cm_sp=EBZ-BAC-Announcement-_-BACAnnouncement-_-AMT2HXAC01_Engagement_Banner_CV_Payments_ShowToAll_EB_cvStimulusHlCta&quot; class=&quot;engagement-banner-link&quot;&gt;...&lt;/a&gt;
  (Session info: chrome=87.0.4280.66)
Build info: version: &apos;3.141.59&apos;, revision: &apos;e82be7d358&apos;, time: &apos;2018-11-14T08:17:03&apos;
System info: host: &apos;LAPTOP-8DAJPHUM&apos;, ip: &apos;192.168.0.4&apos;, os.name: &apos;Windows 10&apos;, os.arch: &apos;amd64&apos;, os.version: &apos;10.0&apos;, java.version: &apos;11.0.8&apos;
Driver info: org.openqa.selenium.chrome.ChromeDriver
Capabilities {acceptInsecureCerts: false, browserName: chrome, browserVersion: 87.0.4280.66, chrome: {chromedriverVersion: 86.0.4240.22 (398b0743353ff..., userDataDir: C:\Users\alaed\AppData\Loca...}, goog:chromeOptions: {debuggerAddress: localhost:54462}, javascriptEnabled: true, networkConnectionEnabled: false, pageLoadStrategy: normal, platform: WINDOWS, platformName: WINDOWS, proxy: Proxy(), setWindowRect: true, strictFileInteractability: false, timeouts: {implicit: 0, pageLoad: 300000, script: 30000}, unhandledPromptBehavior: dismiss and notify, webauthn:virtualAuthenticators: true}
Session ID: 75fccc7394ee6bfcf3b72ee56456b52e
	at org.openqa.selenium.remote.http.W3CHttpResponseCodec.createException(W3CHttpResponseCodec.java:187)
	at org.openqa.selenium.remote.http.W3CHttpResponseCodec.decode(W3CHttpResponseCodec.java:122)
	at org.openqa.selenium.remote.http.W3CHttpResponseCodec.decode(W3CHttpResponseCodec.java:49)
	at org.openqa.selenium.remote.HttpCommandExecutor.execute(HttpCommandExecutor.java:158)
	at org.openqa.selenium.remote.service.DriverCommandExecutor.execute(DriverCommandExecutor.java:83)
	at org.openqa.selenium.remote.RemoteWebDriver.execute(RemoteWebDriver.java:552)
	at org.openqa.selenium.remote.RemoteWebElement.execute(RemoteWebElement.java:285)
	at org.openqa.selenium.remote.RemoteWebElement.click(RemoteWebElement.java:84)
	at org.openqa.selenium.support.pagefactory.internal.LocatingElementHandler.invoke(LocatingElementHandler.java:51)
	at com.sun.proxy.$Proxy14.click(Unknown Source)
	at bankofamericamuseum.BOAHmePage.ButtonMessageBoxElements(BOAHmePage.java:262)
	at bancofamericamuseumTest.BOATest.sendMessageIntoChatBox(BOATest.java:82)
	at java.base/java.util.ArrayList.forEach(ArrayList.java:1541)
... Removed 38 stack frames
</div> <!-- stack-trace -->
                </div> <!-- method-content -->
              </div> <!-- method -->
            </div> <!-- main-panel-content rounded-window-bottom -->
          </div> <!-- suite-TestSuit-class-failed -->
          <div class="suite-TestSuit-class-passed">
            <div class="main-panel-header rounded-window-top">
              <img src="passed.png"/>
              <span class="class-name">bancofamericamuseumTest.BOATest</span>
            </div> <!-- main-panel-header rounded-window-top -->
            <div class="main-panel-content rounded-window-bottom">
              <div class="method">
                <div class="method-content">
                  <a name="BOAHomePage">
                  </a> <!-- BOAHomePage -->
                  <span class="method-name">BOAHomePage</span>
                </div> <!-- method-content -->
              </div> <!-- method -->
              <div class="method">
                <div class="method-content">
                  <a name="PlayReinventingVideoMerrill">
                  </a> <!-- PlayReinventingVideoMerrill -->
                  <span class="method-name">PlayReinventingVideoMerrill</span>
                </div> <!-- method-content -->
              </div> <!-- method -->
              <div class="method">
                <div class="method-content">
                  <a name="SearchBox">
                  </a> <!-- SearchBox -->
                  <span class="method-name">SearchBox</span>
                </div> <!-- method-content -->
              </div> <!-- method -->
              <div class="method">
                <div class="method-content">
                  <a name="checkNearMeButtonMap">
                  </a> <!-- checkNearMeButtonMap -->
                  <span class="method-name">checkNearMeButtonMap</span>
                </div> <!-- method-content -->
              </div> <!-- method -->
              <div class="method">
                <div class="method-content">
                  <a name="findLocationByState">
                  </a> <!-- findLocationByState -->
                  <span class="method-name">findLocationByState</span>
                </div> <!-- method-content -->
              </div> <!-- method -->
              <div class="method">
                <div class="method-content">
                  <a name="openFilterFunctions">
                  </a> <!-- openFilterFunctions -->
                  <span class="method-name">openFilterFunctions</span>
                </div> <!-- method-content -->
              </div> <!-- method -->
              <div class="method">
                <div class="method-content">
                  <a name="personalFinanceFunctions">
                  </a> <!-- personalFinanceFunctions -->
                  <span class="method-name">personalFinanceFunctions</span>
                </div> <!-- method-content -->
              </div> <!-- method -->
              <div class="method">
                <div class="method-content">
                  <a name="validateTheLocationInMap">
                  </a> <!-- validateTheLocationInMap -->
                  <span class="method-name">validateTheLocationInMap</span>
                </div> <!-- method-content -->
              </div> <!-- method -->
            </div> <!-- main-panel-content rounded-window-bottom -->
          </div> <!-- suite-TestSuit-class-passed -->
        </div> <!-- panel TestSuit -->
        <div panel-name="test-xml-TestSuit" class="panel">
          <div class="main-panel-header rounded-window-top">
            <span class="header-content">C:\Users\alaed\IdeaProjects\WebAutomation_Team2\BankOfAmerica\target\test-classes\BOATestRunner.xml</span>
          </div> <!-- main-panel-header rounded-window-top -->
          <div class="main-panel-content rounded-window-bottom">
            <pre>
&lt;?xml version=&quot;1.0&quot; encoding=&quot;UTF-8&quot;?&gt;
&lt;!DOCTYPE suite SYSTEM &quot;https://testng.org/testng-1.0.dtd&quot;&gt;
&lt;suite name=&quot;TestSuit&quot; guice-stage=&quot;DEVELOPMENT&quot; verbose=&quot;0&quot;&gt;
  &lt;parameter name=&quot;useCloudEnv&quot; value=&quot;false&quot;/&gt;
  &lt;parameter name=&quot;os_version&quot; value=&quot;10&quot;/&gt;
  &lt;parameter name=&quot;browserVersion&quot; value=&quot;86&quot;/&gt;
  &lt;parameter name=&quot;browserName&quot; value=&quot;chrome&quot;/&gt;
  &lt;parameter name=&quot;cloudEnvName&quot; value=&quot;browserStack&quot;/&gt;
  &lt;parameter name=&quot;url&quot; value=&quot;https://www.bankofamerica.com/&quot;/&gt;
  &lt;test thread-count=&quot;5&quot; name=&quot;Bank Of America Location Test&quot; verbose=&quot;0&quot;&gt;
    &lt;classes&gt;
      &lt;class name=&quot;bancofamericamuseumTest.BOATest&quot;/&gt;
    &lt;/classes&gt;
  &lt;/test&gt; &lt;!-- Bank Of America Location Test --&gt;
&lt;/suite&gt; &lt;!-- TestSuit --&gt;
            </pre>
          </div> <!-- main-panel-content rounded-window-bottom -->
        </div> <!-- panel -->
        <div panel-name="testlist-TestSuit" class="panel">
          <div class="main-panel-header rounded-window-top">
            <span class="header-content">Tests for TestSuit</span>
          </div> <!-- main-panel-header rounded-window-top -->
          <div class="main-panel-content rounded-window-bottom">
            <ul>
              <li>
                <span class="test-name">Bank Of America Location Test (1 class)</span>
              </li>
            </ul>
          </div> <!-- main-panel-content rounded-window-bottom -->
        </div> <!-- panel -->
        <div panel-name="group-TestSuit" class="panel">
          <div class="main-panel-header rounded-window-top">
            <span class="header-content">Groups for TestSuit</span>
          </div> <!-- main-panel-header rounded-window-top -->
          <div class="main-panel-content rounded-window-bottom">
          </div> <!-- main-panel-content rounded-window-bottom -->
        </div> <!-- panel -->
        <div panel-name="times-TestSuit" class="panel">
          <div class="main-panel-header rounded-window-top">
            <span class="header-content">Times for TestSuit</span>
          </div> <!-- main-panel-header rounded-window-top -->
          <div class="main-panel-content rounded-window-bottom">
            <div class="times-div">
              <script type="text/javascript">
suiteTableInitFunctions.push('tableData_TestSuit');
function tableData_TestSuit() {
var data = new google.visualization.DataTable();
data.addColumn('number', 'Number');
data.addColumn('string', 'Method');
data.addColumn('string', 'Class');
data.addColumn('number', 'Time (ms)');
data.addRows(16);
data.setCell(0, 0, 0)
data.setCell(0, 1, 'calculateCostDeptFunctions')
data.setCell(0, 2, 'bancofamericamuseumTest.BOATest')
data.setCell(0, 3, 45964);
data.setCell(1, 0, 1)
data.setCell(1, 1, 'personalFinanceFunctions')
data.setCell(1, 2, 'bancofamericamuseumTest.BOATest')
data.setCell(1, 3, 30164);
data.setCell(2, 0, 2)
data.setCell(2, 1, 'chatBoxFunction')
data.setCell(2, 2, 'bancofamericamuseumTest.BOATest')
data.setCell(2, 3, 29198);
data.setCell(3, 0, 3)
data.setCell(3, 1, 'PlayReinventingVideoMerrill')
data.setCell(3, 2, 'bancofamericamuseumTest.BOATest')
data.setCell(3, 3, 24187);
data.setCell(4, 0, 4)
data.setCell(4, 1, 'validateTheLocationInMap')
data.setCell(4, 2, 'bancofamericamuseumTest.BOATest')
data.setCell(4, 3, 16514);
data.setCell(5, 0, 5)
data.setCell(5, 1, 'findLocationByState')
data.setCell(5, 2, 'bancofamericamuseumTest.BOATest')
data.setCell(5, 3, 11636);
data.setCell(6, 0, 6)
data.setCell(6, 1, 'openFilterFunctions')
data.setCell(6, 2, 'bancofamericamuseumTest.BOATest')
data.setCell(6, 3, 9740);
data.setCell(7, 0, 7)
data.setCell(7, 1, 'SearchBox')
data.setCell(7, 2, 'bancofamericamuseumTest.BOATest')
data.setCell(7, 3, 8233);
data.setCell(8, 0, 8)
data.setCell(8, 1, 'checkNearMeButtonMap')
data.setCell(8, 2, 'bancofamericamuseumTest.BOATest')
data.setCell(8, 3, 7846);
data.setCell(9, 0, 9)
data.setCell(9, 1, 'merrillGuideAdviser')
data.setCell(9, 2, 'bancofamericamuseumTest.BOATest')
data.setCell(9, 3, 1106);
data.setCell(10, 0, 10)
data.setCell(10, 1, 'sendMessageIntoChatBox')
data.setCell(10, 2, 'bancofamericamuseumTest.BOATest')
data.setCell(10, 3, 1103);
data.setCell(11, 0, 11)
data.setCell(11, 1, 'closeFilterFunctions')
data.setCell(11, 2, 'bancofamericamuseumTest.BOATest')
data.setCell(11, 3, 1097);
data.setCell(12, 0, 12)
data.setCell(12, 1, 'LocationPage')
data.setCell(12, 2, 'bancofamericamuseumTest.BOATest')
data.setCell(12, 3, 1085);
data.setCell(13, 0, 13)
data.setCell(13, 1, 'LocationByFilters')
data.setCell(13, 2, 'bancofamericamuseumTest.BOATest')
data.setCell(13, 3, 1070);
data.setCell(14, 0, 14)
data.setCell(14, 1, 'investingMerrillHomePage')
data.setCell(14, 2, 'bancofamericamuseumTest.BOATest')
data.setCell(14, 3, 1062);
data.setCell(15, 0, 15)
data.setCell(15, 1, 'BOAHomePage')
data.setCell(15, 2, 'bancofamericamuseumTest.BOATest')
data.setCell(15, 3, 41);
window.suiteTableData['TestSuit']= { tableData: data, tableDiv: 'times-div-TestSuit'}
return data;
}
              </script>
              <span class="suite-total-time">Total running time: 3 minutes</span>
              <div id="times-div-TestSuit">
              </div> <!-- times-div-TestSuit -->
            </div> <!-- times-div -->
          </div> <!-- main-panel-content rounded-window-bottom -->
        </div> <!-- panel -->
        <div panel-name="reporter-TestSuit" class="panel">
          <div class="main-panel-header rounded-window-top">
            <span class="header-content">Reporter output for TestSuit</span>
          </div> <!-- main-panel-header rounded-window-top -->
          <div class="main-panel-content rounded-window-bottom">
          </div> <!-- main-panel-content rounded-window-bottom -->
        </div> <!-- panel -->
        <div panel-name="ignored-methods-TestSuit" class="panel">
          <div class="main-panel-header rounded-window-top">
            <span class="header-content">0 ignored methods</span>
          </div> <!-- main-panel-header rounded-window-top -->
          <div class="main-panel-content rounded-window-bottom">
          </div> <!-- main-panel-content rounded-window-bottom -->
        </div> <!-- panel -->
        <div panel-name="chronological-TestSuit" class="panel">
          <div class="main-panel-header rounded-window-top">
            <span class="header-content">Methods in chronological order</span>
          </div> <!-- main-panel-header rounded-window-top -->
          <div class="main-panel-content rounded-window-bottom">
            <div class="chronological-class">
              <div class="chronological-class-name">bancofamericamuseumTest.BOATest</div> <!-- chronological-class-name -->
              <div class="configuration-suite before">
                <span class="method-name">extentSetup(org.testng.TestRunner@226de93c)</span>
                <span class="method-start">0 ms</span>
              </div> <!-- configuration-suite before -->
              <div class="configuration-method before">
                <span class="method-name">setUp(false, browserStack, windows, 10, chrome, 86, https://www.bankofamerica.com/)</span>
                <span class="method-start">161 ms</span>
              </div> <!-- configuration-method before -->
              <div class="configuration-method before">
                <span class="method-name">startExtent(public void bancofamericamuseumTest.BOATest.BOAHomePage())</span>
                <span class="method-start">14360 ms</span>
              </div> <!-- configuration-method before -->
              <div class="configuration-method before">
                <span class="method-name">getInit</span>
                <span class="method-start">14363 ms</span>
              </div> <!-- configuration-method before -->
              <div class="test-method">
                <span class="method-name">BOAHomePage</span>
                <span class="method-start">14383 ms</span>
              </div> <!-- test-method -->
              <div class="configuration-method after">
                <span class="method-name">afterEachTestMethod([TestResult name=BOAHomePage status=SUCCESS method=BOATest.BOAHomePage()[pri:0, instance:bancofameri...)</span>
                <span class="method-start">14427 ms</span>
              </div> <!-- configuration-method after -->
              <div class="configuration-method before">
                <span class="method-name">setUp(false, browserStack, windows, 10, chrome, 86, https://www.bankofamerica.com/)</span>
                <span class="method-start">15278 ms</span>
              </div> <!-- configuration-method before -->
              <div class="configuration-method before">
                <span class="method-name">startExtent(public void bancofamericamuseumTest.BOATest.LocationByFilters() throws java.lang.InterruptedExceptio...)</span>
                <span class="method-start">21993 ms</span>
              </div> <!-- configuration-method before -->
              <div class="configuration-method before">
                <span class="method-name">getInit</span>
                <span class="method-start">21993 ms</span>
              </div> <!-- configuration-method before -->
              <div class="test-method">
                <img src="failed.png">
                </img>
                <span class="method-name">LocationByFilters</span>
                <span class="method-start">21994 ms</span>
              </div> <!-- test-method -->
              <div class="configuration-method after">
                <span class="method-name">afterEachTestMethod([TestResult name=LocationByFilters status=FAILURE method=BOATest.LocationByFilters()[pri:0, instance...)</span>
                <span class="method-start">23067 ms</span>
              </div> <!-- configuration-method after -->
              <div class="configuration-method before">
                <span class="method-name">setUp(false, browserStack, windows, 10, chrome, 86, https://www.bankofamerica.com/)</span>
                <span class="method-start">24202 ms</span>
              </div> <!-- configuration-method before -->
              <div class="configuration-method before">
                <span class="method-name">startExtent(public void bancofamericamuseumTest.BOATest.LocationPage())</span>
                <span class="method-start">30364 ms</span>
              </div> <!-- configuration-method before -->
              <div class="configuration-method before">
                <span class="method-name">getInit</span>
                <span class="method-start">30365 ms</span>
              </div> <!-- configuration-method before -->
              <div class="test-method">
                <img src="failed.png">
                </img>
                <span class="method-name">LocationPage</span>
                <span class="method-start">30365 ms</span>
              </div> <!-- test-method -->
              <div class="configuration-method after">
                <span class="method-name">afterEachTestMethod([TestResult name=LocationPage status=FAILURE method=BOATest.LocationPage()[pri:0, instance:bancofame...)</span>
                <span class="method-start">31450 ms</span>
              </div> <!-- configuration-method after -->
              <div class="configuration-method before">
                <span class="method-name">setUp(false, browserStack, windows, 10, chrome, 86, https://www.bankofamerica.com/)</span>
                <span class="method-start">55960 ms</span>
              </div> <!-- configuration-method before -->
              <div class="configuration-method before">
                <span class="method-name">startExtent(public void bancofamericamuseumTest.BOATest.PlayReinventingVideoMerrill() throws java.lang.Interrupt...)</span>
                <span class="method-start">65109 ms</span>
              </div> <!-- configuration-method before -->
              <div class="configuration-method before">
                <span class="method-name">getInit</span>
                <span class="method-start">65109 ms</span>
              </div> <!-- configuration-method before -->
              <div class="test-method">
                <span class="method-name">PlayReinventingVideoMerrill</span>
                <span class="method-start">65110 ms</span>
              </div> <!-- test-method -->
              <div class="configuration-method after">
                <span class="method-name">afterEachTestMethod([TestResult name=PlayReinventingVideoMerrill status=SUCCESS method=BOATest.PlayReinventingVideoMerri...)</span>
                <span class="method-start">89298 ms</span>
              </div> <!-- configuration-method after -->
              <div class="configuration-method before">
                <span class="method-name">setUp(false, browserStack, windows, 10, chrome, 86, https://www.bankofamerica.com/)</span>
                <span class="method-start">89929 ms</span>
              </div> <!-- configuration-method before -->
              <div class="configuration-method before">
                <span class="method-name">startExtent(public void bancofamericamuseumTest.BOATest.SearchBox() throws java.lang.InterruptedException)</span>
                <span class="method-start">99025 ms</span>
              </div> <!-- configuration-method before -->
              <div class="configuration-method before">
                <span class="method-name">getInit</span>
                <span class="method-start">99026 ms</span>
              </div> <!-- configuration-method before -->
              <div class="test-method">
                <span class="method-name">SearchBox</span>
                <span class="method-start">99026 ms</span>
              </div> <!-- test-method -->
              <div class="configuration-method after">
                <span class="method-name">afterEachTestMethod([TestResult name=SearchBox status=SUCCESS method=BOATest.SearchBox()[pri:0, instance:bancofamericamu...)</span>
                <span class="method-start">107259 ms</span>
              </div> <!-- configuration-method after -->
              <div class="configuration-method before">
                <span class="method-name">setUp(false, browserStack, windows, 10, chrome, 86, https://www.bankofamerica.com/)</span>
                <span class="method-start">107886 ms</span>
              </div> <!-- configuration-method before -->
              <div class="configuration-method before">
                <span class="method-name">startExtent(public void bancofamericamuseumTest.BOATest.calculateCostDeptFunctions() throws java.lang.Interrupte...)</span>
                <span class="method-start">120605 ms</span>
              </div> <!-- configuration-method before -->
              <div class="configuration-method before">
                <span class="method-name">getInit</span>
                <span class="method-start">120606 ms</span>
              </div> <!-- configuration-method before -->
              <div class="test-method">
                <img src="failed.png">
                </img>
                <span class="method-name">calculateCostDeptFunctions</span>
                <span class="method-start">120606 ms</span>
              </div> <!-- test-method -->
              <div class="configuration-method after">
                <span class="method-name">afterEachTestMethod([TestResult name=calculateCostDeptFunctions status=FAILURE method=BOATest.calculateCostDeptFunctions...)</span>
                <span class="method-start">166571 ms</span>
              </div> <!-- configuration-method after -->
              <div class="configuration-method before">
                <span class="method-name">setUp(false, browserStack, windows, 10, chrome, 86, https://www.bankofamerica.com/)</span>
                <span class="method-start">167531 ms</span>
              </div> <!-- configuration-method before -->
              <div class="configuration-method before">
                <span class="method-name">startExtent(public void bancofamericamuseumTest.BOATest.chatBoxFunction() throws java.lang.InterruptedException)</span>
                <span class="method-start">175487 ms</span>
              </div> <!-- configuration-method before -->
              <div class="configuration-method before">
                <span class="method-name">getInit</span>
                <span class="method-start">175487 ms</span>
              </div> <!-- configuration-method before -->
              <div class="test-method">
                <img src="failed.png">
                </img>
                <span class="method-name">chatBoxFunction</span>
                <span class="method-start">175488 ms</span>
              </div> <!-- test-method -->
              <div class="configuration-method after">
                <span class="method-name">afterEachTestMethod([TestResult name=chatBoxFunction status=FAILURE method=BOATest.chatBoxFunction()[pri:0, instance:ban...)</span>
                <span class="method-start">204687 ms</span>
              </div> <!-- configuration-method after -->
              <div class="configuration-method before">
                <span class="method-name">setUp(false, browserStack, windows, 10, chrome, 86, https://www.bankofamerica.com/)</span>
                <span class="method-start">205683 ms</span>
              </div> <!-- configuration-method before -->
              <div class="configuration-method before">
                <span class="method-name">startExtent(public void bancofamericamuseumTest.BOATest.checkNearMeButtonMap() throws java.lang.InterruptedExcep...)</span>
                <span class="method-start">216881 ms</span>
              </div> <!-- configuration-method before -->
              <div class="configuration-method before">
                <span class="method-name">getInit</span>
                <span class="method-start">216882 ms</span>
              </div> <!-- configuration-method before -->
              <div class="test-method">
                <span class="method-name">checkNearMeButtonMap</span>
                <span class="method-start">216882 ms</span>
              </div> <!-- test-method -->
              <div class="configuration-method after">
                <span class="method-name">afterEachTestMethod([TestResult name=checkNearMeButtonMap status=SUCCESS method=BOATest.checkNearMeButtonMap()[pri:0, in...)</span>
                <span class="method-start">224729 ms</span>
              </div> <!-- configuration-method after -->
              <div class="configuration-method before">
                <span class="method-name">setUp(false, browserStack, windows, 10, chrome, 86, https://www.bankofamerica.com/)</span>
                <span class="method-start">225344 ms</span>
              </div> <!-- configuration-method before -->
              <div class="configuration-method before">
                <span class="method-name">startExtent(public void bancofamericamuseumTest.BOATest.closeFilterFunctions() throws java.lang.InterruptedExcep...)</span>
                <span class="method-start">232554 ms</span>
              </div> <!-- configuration-method before -->
              <div class="configuration-method before">
                <span class="method-name">getInit</span>
                <span class="method-start">232555 ms</span>
              </div> <!-- configuration-method before -->
              <div class="test-method">
                <img src="failed.png">
                </img>
                <span class="method-name">closeFilterFunctions</span>
                <span class="method-start">232555 ms</span>
              </div> <!-- test-method -->
              <div class="configuration-method after">
                <span class="method-name">afterEachTestMethod([TestResult name=closeFilterFunctions status=FAILURE method=BOATest.closeFilterFunctions()[pri:0, in...)</span>
                <span class="method-start">233654 ms</span>
              </div> <!-- configuration-method after -->
              <div class="configuration-method before">
                <span class="method-name">setUp(false, browserStack, windows, 10, chrome, 86, https://www.bankofamerica.com/)</span>
                <span class="method-start">284816 ms</span>
              </div> <!-- configuration-method before -->
              <div class="configuration-method before">
                <span class="method-name">startExtent(public void bancofamericamuseumTest.BOATest.findLocationByState() throws java.lang.InterruptedExcept...)</span>
                <span class="method-start">294138 ms</span>
              </div> <!-- configuration-method before -->
              <div class="configuration-method before">
                <span class="method-name">getInit</span>
                <span class="method-start">294139 ms</span>
              </div> <!-- configuration-method before -->
              <div class="test-method">
                <span class="method-name">findLocationByState</span>
                <span class="method-start">294139 ms</span>
              </div> <!-- test-method -->
              <div class="configuration-method after">
                <span class="method-name">afterEachTestMethod([TestResult name=findLocationByState status=SUCCESS method=BOATest.findLocationByState()[pri:0, inst...)</span>
                <span class="method-start">305775 ms</span>
              </div> <!-- configuration-method after -->
              <div class="configuration-method before">
                <span class="method-name">setUp(false, browserStack, windows, 10, chrome, 86, https://www.bankofamerica.com/)</span>
                <span class="method-start">306373 ms</span>
              </div> <!-- configuration-method before -->
              <div class="configuration-method before">
                <span class="method-name">startExtent(public void bancofamericamuseumTest.BOATest.investingMerrillHomePage() throws java.lang.InterruptedE...)</span>
                <span class="method-start">322829 ms</span>
              </div> <!-- configuration-method before -->
              <div class="configuration-method before">
                <span class="method-name">getInit</span>
                <span class="method-start">322830 ms</span>
              </div> <!-- configuration-method before -->
              <div class="test-method">
                <img src="failed.png">
                </img>
                <span class="method-name">investingMerrillHomePage</span>
                <span class="method-start">322830 ms</span>
              </div> <!-- test-method -->
              <div class="configuration-method after">
                <span class="method-name">afterEachTestMethod([TestResult name=investingMerrillHomePage status=FAILURE method=BOATest.investingMerrillHomePage()[p...)</span>
                <span class="method-start">323893 ms</span>
              </div> <!-- configuration-method after -->
              <div class="configuration-method before">
                <span class="method-name">setUp(false, browserStack, windows, 10, chrome, 86, https://www.bankofamerica.com/)</span>
                <span class="method-start">324933 ms</span>
              </div> <!-- configuration-method before -->
              <div class="configuration-method before">
                <span class="method-name">startExtent(public void bancofamericamuseumTest.BOATest.merrillGuideAdviser() throws java.lang.InterruptedExcept...)</span>
                <span class="method-start">342718 ms</span>
              </div> <!-- configuration-method before -->
              <div class="configuration-method before">
                <span class="method-name">getInit</span>
                <span class="method-start">342719 ms</span>
              </div> <!-- configuration-method before -->
              <div class="test-method">
                <img src="failed.png">
                </img>
                <span class="method-name">merrillGuideAdviser</span>
                <span class="method-start">342719 ms</span>
              </div> <!-- test-method -->
              <div class="configuration-method after">
                <span class="method-name">afterEachTestMethod([TestResult name=merrillGuideAdviser status=FAILURE method=BOATest.merrillGuideAdviser()[pri:0, inst...)</span>
                <span class="method-start">343826 ms</span>
              </div> <!-- configuration-method after -->
              <div class="configuration-method before">
                <span class="method-name">setUp(false, browserStack, windows, 10, chrome, 86, https://www.bankofamerica.com/)</span>
                <span class="method-start">344944 ms</span>
              </div> <!-- configuration-method before -->
              <div class="configuration-method before">
                <span class="method-name">startExtent(public void bancofamericamuseumTest.BOATest.openFilterFunctions() throws java.lang.InterruptedExcept...)</span>
                <span class="method-start">355026 ms</span>
              </div> <!-- configuration-method before -->
              <div class="configuration-method before">
                <span class="method-name">getInit</span>
                <span class="method-start">355026 ms</span>
              </div> <!-- configuration-method before -->
              <div class="test-method">
                <span class="method-name">openFilterFunctions</span>
                <span class="method-start">355027 ms</span>
              </div> <!-- test-method -->
              <div class="configuration-method after">
                <span class="method-name">afterEachTestMethod([TestResult name=openFilterFunctions status=SUCCESS method=BOATest.openFilterFunctions()[pri:0, inst...)</span>
                <span class="method-start">364767 ms</span>
              </div> <!-- configuration-method after -->
              <div class="configuration-method before">
                <span class="method-name">setUp(false, browserStack, windows, 10, chrome, 86, https://www.bankofamerica.com/)</span>
                <span class="method-start">365387 ms</span>
              </div> <!-- configuration-method before -->
              <div class="configuration-method before">
                <span class="method-name">startExtent(public void bancofamericamuseumTest.BOATest.personalFinanceFunctions() throws java.lang.InterruptedE...)</span>
                <span class="method-start">375499 ms</span>
              </div> <!-- configuration-method before -->
              <div class="configuration-method before">
                <span class="method-name">getInit</span>
                <span class="method-start">375500 ms</span>
              </div> <!-- configuration-method before -->
              <div class="test-method">
                <span class="method-name">personalFinanceFunctions</span>
                <span class="method-start">375500 ms</span>
              </div> <!-- test-method -->
              <div class="configuration-method after">
                <span class="method-name">afterEachTestMethod([TestResult name=personalFinanceFunctions status=SUCCESS method=BOATest.personalFinanceFunctions()[p...)</span>
                <span class="method-start">405664 ms</span>
              </div> <!-- configuration-method after -->
              <div class="configuration-method before">
                <span class="method-name">setUp(false, browserStack, windows, 10, chrome, 86, https://www.bankofamerica.com/)</span>
                <span class="method-start">406304 ms</span>
              </div> <!-- configuration-method before -->
              <div class="configuration-method before">
                <span class="method-name">startExtent(public void bancofamericamuseumTest.BOATest.sendMessageIntoChatBox() throws java.lang.InterruptedExc...)</span>
                <span class="method-start">426726 ms</span>
              </div> <!-- configuration-method before -->
              <div class="configuration-method before">
                <span class="method-name">getInit</span>
                <span class="method-start">426726 ms</span>
              </div> <!-- configuration-method before -->
              <div class="test-method">
                <img src="failed.png">
                </img>
                <span class="method-name">sendMessageIntoChatBox</span>
                <span class="method-start">426727 ms</span>
              </div> <!-- test-method -->
              <div class="configuration-method after">
                <span class="method-name">afterEachTestMethod([TestResult name=sendMessageIntoChatBox status=FAILURE method=BOATest.sendMessageIntoChatBox()[pri:0...)</span>
                <span class="method-start">427831 ms</span>
              </div> <!-- configuration-method after -->
              <div class="configuration-method before">
                <span class="method-name">setUp(false, browserStack, windows, 10, chrome, 86, https://www.bankofamerica.com/)</span>
                <span class="method-start">428841 ms</span>
              </div> <!-- configuration-method before -->
              <div class="configuration-method before">
                <span class="method-name">startExtent(public void bancofamericamuseumTest.BOATest.validateTheLocationInMap() throws java.lang.InterruptedE...)</span>
                <span class="method-start">438396 ms</span>
              </div> <!-- configuration-method before -->
              <div class="configuration-method before">
                <span class="method-name">getInit</span>
                <span class="method-start">438397 ms</span>
              </div> <!-- configuration-method before -->
              <div class="test-method">
                <span class="method-name">validateTheLocationInMap</span>
                <span class="method-start">438397 ms</span>
              </div> <!-- test-method -->
              <div class="configuration-method after">
                <span class="method-name">afterEachTestMethod([TestResult name=validateTheLocationInMap status=SUCCESS method=BOATest.validateTheLocationInMap()[p...)</span>
                <span class="method-start">454911 ms</span>
              </div> <!-- configuration-method after -->
              <div class="configuration-suite after">
                <span class="method-name">generateReport</span>
                <span class="method-start">455588 ms</span>
              </div> <!-- configuration-suite after -->
          </div> <!-- main-panel-content rounded-window-bottom -->
        </div> <!-- panel -->
      </div> <!-- main-panel-root -->
    </div> <!-- wrapper -->
  </body>
</html>
